DebugStart
--
data0.frame:0
data1.frame:0
server.pos:(0.0, -4.8, 0.0)
client.pos:(0.0, 4.8, 0.0)
Block:0
--
data0.frame:1
data1.frame:1
server.pos:(0.0, -4.8, 0.0)
client.pos:(0.0, 4.8, 0.0)
Block:0
--
data0.frame:2
data1.frame:2
server.pos:(0.0, -4.8, 0.0)
client.pos:(0.0, 4.8, 0.0)
Block:0
--
data0.frame:3
data1.frame:3
server.pos:(0.0, -4.8, 0.0)
client.pos:(0.0, 4.8, 0.0)
Block:26(1.1, 0.0, 0.0)(2.2, 0.0, 0.0)(-2.2, 0.0, 0.0)(-1.1, 0.0, 0.0)(1.1, 0.7, 0.0)(0.0, 0.7, 0.0)(-3.3, 0.7, 0.0)(2.2, 0.7, 0.0)(-2.2, 0.7, 0.0)(-1.1, 0.7, 0.0)(3.3, 0.7, 0.0)(1.1, 1.4, 0.0)(2.2, 1.4, 0.0)(-2.2, 1.4, 0.0)(-1.1, 1.4, 0.0)(1.1, -0.7, 0.0)(0.0, -0.7, 0.0)(-3.3, -0.7, 0.0)(2.2, -0.7, 0.0)(-2.2, -0.7, 0.0)(-1.1, -0.7, 0.0)(3.3, -0.7, 0.0)(1.1, -1.4, 0.0)(2.2, -1.4, 0.0)(-2.2, -1.4, 0.0)(-1.1, -1.4, 0.0)
--
data0.frame:4
data1.frame:4
server.pos:(0.0, -4.8, 0.0)
client.pos:(0.0, 4.8, 0.0)
Block:26(1.1, 0.0, 0.0)(2.2, 0.0, 0.0)(-2.2, 0.0, 0.0)(-1.1, 0.0, 0.0)(1.1, 0.7, 0.0)(0.0, 0.7, 0.0)(-3.3, 0.7, 0.0)(2.2, 0.7, 0.0)(-2.2, 0.7, 0.0)(-1.1, 0.7, 0.0)(3.3, 0.7, 0.0)(1.1, 1.4, 0.0)(2.2, 1.4, 0.0)(-2.2, 1.4, 0.0)(-1.1, 1.4, 0.0)(1.1, -0.7, 0.0)(0.0, -0.7, 0.0)(-3.3, -0.7, 0.0)(2.2, -0.7, 0.0)(-2.2, -0.7, 0.0)(-1.1, -0.7, 0.0)(3.3, -0.7, 0.0)(1.1, -1.4, 0.0)(2.2, -1.4, 0.0)(-2.2, -1.4, 0.0)(-1.1, -1.4, 0.0)
--
data0.frame:5
data1.frame:5
server.pos:(0.0, -4.8, 0.0)
client.pos:(0.0, 4.8, 0.0)
Block:26(1.1, 0.0, 0.0)(2.2, 0.0, 0.0)(-2.2, 0.0, 0.0)(-1.1, 0.0, 0.0)(1.1, 0.7, 0.0)(0.0, 0.7, 0.0)(-3.3, 0.7, 0.0)(2.2, 0.7, 0.0)(-2.2, 0.7, 0.0)(-1.1, 0.7, 0.0)(3.3, 0.7, 0.0)(1.1, 1.4, 0.0)(2.2, 1.4, 0.0)(-2.2, 1.4, 0.0)(-1.1, 1.4, 0.0)(1.1, -0.7, 0.0)(0.0, -0.7, 0.0)(-3.3, -0.7, 0.0)(2.2, -0.7, 0.0)(-2.2, -0.7, 0.0)(-1.1, -0.7, 0.0)(3.3, -0.7, 0.0)(1.1, -1.4, 0.0)(2.2, -1.4, 0.0)(-2.2, -1.4, 0.0)(-1.1, -1.4, 0.0)
--
data0.frame:6
data1.frame:6
server.pos:(0.0, -4.8, 0.0)
client.pos:(0.0, 4.8, 0.0)
Block:26(1.1, 0.0, 0.0)(2.2, 0.0, 0.0)(-2.2, 0.0, 0.0)(-1.1, 0.0, 0.0)(1.1, 0.7, 0.0)(0.0, 0.7, 0.0)(-3.3, 0.7, 0.0)(2.2, 0.7, 0.0)(-2.2, 0.7, 0.0)(-1.1, 0.7, 0.0)(3.3, 0.7, 0.0)(1.1, 1.4, 0.0)(2.2, 1.4, 0.0)(-2.2, 1.4, 0.0)(-1.1, 1.4, 0.0)(1.1, -0.7, 0.0)(0.0, -0.7, 0.0)(-3.3, -0.7, 0.0)(2.2, -0.7, 0.0)(-2.2, -0.7, 0.0)(-1.1, -0.7, 0.0)(3.3, -0.7, 0.0)(1.1, -1.4, 0.0)(2.2, -1.4, 0.0)(-2.2, -1.4, 0.0)(-1.1, -1.4, 0.0)
--
data0.frame:7
data1.frame:7
server.pos:(0.0, -4.8, 0.0)
client.pos:(0.0, 4.8, 0.0)
Block:26(1.1, 0.0, 0.0)(2.2, 0.0, 0.0)(-2.2, 0.0, 0.0)(-1.1, 0.0, 0.0)(1.1, 0.7, 0.0)(0.0, 0.7, 0.0)(-3.3, 0.7, 0.0)(2.2, 0.7, 0.0)(-2.2, 0.7, 0.0)(-1.1, 0.7, 0.0)(3.3, 0.7, 0.0)(1.1, 1.4, 0.0)(2.2, 1.4, 0.0)(-2.2, 1.4, 0.0)(-1.1, 1.4, 0.0)(1.1, -0.7, 0.0)(0.0, -0.7, 0.0)(-3.3, -0.7, 0.0)(2.2, -0.7, 0.0)(-2.2, -0.7, 0.0)(-1.1, -0.7, 0.0)(3.3, -0.7, 0.0)(1.1, -1.4, 0.0)(2.2, -1.4, 0.0)(-2.2, -1.4, 0.0)(-1.1, -1.4, 0.0)
--
data0.frame:8
data1.frame:8
server.pos:(0.0, -4.8, 0.0)
client.pos:(0.0, 4.8, 0.0)
Block:26(1.1, 0.0, 0.0)(2.2, 0.0, 0.0)(-2.2, 0.0, 0.0)(-1.1, 0.0, 0.0)(1.1, 0.7, 0.0)(0.0, 0.7, 0.0)(-3.3, 0.7, 0.0)(2.2, 0.7, 0.0)(-2.2, 0.7, 0.0)(-1.1, 0.7, 0.0)(3.3, 0.7, 0.0)(1.1, 1.4, 0.0)(2.2, 1.4, 0.0)(-2.2, 1.4, 0.0)(-1.1, 1.4, 0.0)(1.1, -0.7, 0.0)(0.0, -0.7, 0.0)(-3.3, -0.7, 0.0)(2.2, -0.7, 0.0)(-2.2, -0.7, 0.0)(-1.1, -0.7, 0.0)(3.3, -0.7, 0.0)(1.1, -1.4, 0.0)(2.2, -1.4, 0.0)(-2.2, -1.4, 0.0)(-1.1, -1.4, 0.0)
--
data0.frame:9
data1.frame:9
server.pos:(0.0, -4.8, 0.0)
client.pos:(0.0, 4.8, 0.0)
Block:26(1.1, 0.0, 0.0)(2.2, 0.0, 0.0)(-2.2, 0.0, 0.0)(-1.1, 0.0, 0.0)(1.1, 0.7, 0.0)(0.0, 0.7, 0.0)(-3.3, 0.7, 0.0)(2.2, 0.7, 0.0)(-2.2, 0.7, 0.0)(-1.1, 0.7, 0.0)(3.3, 0.7, 0.0)(1.1, 1.4, 0.0)(2.2, 1.4, 0.0)(-2.2, 1.4, 0.0)(-1.1, 1.4, 0.0)(1.1, -0.7, 0.0)(0.0, -0.7, 0.0)(-3.3, -0.7, 0.0)(2.2, -0.7, 0.0)(-2.2, -0.7, 0.0)(-1.1, -0.7, 0.0)(3.3, -0.7, 0.0)(1.1, -1.4, 0.0)(2.2, -1.4, 0.0)(-2.2, -1.4, 0.0)(-1.1, -1.4, 0.0)
--
data0.frame:10
data1.frame:10
server.pos:(0.0, -4.8, 0.0)
client.pos:(0.0, 4.8, 0.0)
Block:26(1.1, 0.0, 0.0)(2.2, 0.0, 0.0)(-2.2, 0.0, 0.0)(-1.1, 0.0, 0.0)(1.1, 0.7, 0.0)(0.0, 0.7, 0.0)(-3.3, 0.7, 0.0)(2.2, 0.7, 0.0)(-2.2, 0.7, 0.0)(-1.1, 0.7, 0.0)(3.3, 0.7, 0.0)(1.1, 1.4, 0.0)(2.2, 1.4, 0.0)(-2.2, 1.4, 0.0)(-1.1, 1.4, 0.0)(1.1, -0.7, 0.0)(0.0, -0.7, 0.0)(-3.3, -0.7, 0.0)(2.2, -0.7, 0.0)(-2.2, -0.7, 0.0)(-1.1, -0.7, 0.0)(3.3, -0.7, 0.0)(1.1, -1.4, 0.0)(2.2, -1.4, 0.0)(-2.2, -1.4, 0.0)(-1.1, -1.4, 0.0)
--
data0.frame:11
data1.frame:11
server.pos:(0.0, -4.8, 0.0)
client.pos:(0.0, 4.8, 0.0)
Block:26(1.1, 0.0, 0.0)(2.2, 0.0, 0.0)(-2.2, 0.0, 0.0)(-1.1, 0.0, 0.0)(1.1, 0.7, 0.0)(0.0, 0.7, 0.0)(-3.3, 0.7, 0.0)(2.2, 0.7, 0.0)(-2.2, 0.7, 0.0)(-1.1, 0.7, 0.0)(3.3, 0.7, 0.0)(1.1, 1.4, 0.0)(2.2, 1.4, 0.0)(-2.2, 1.4, 0.0)(-1.1, 1.4, 0.0)(1.1, -0.7, 0.0)(0.0, -0.7, 0.0)(-3.3, -0.7, 0.0)(2.2, -0.7, 0.0)(-2.2, -0.7, 0.0)(-1.1, -0.7, 0.0)(3.3, -0.7, 0.0)(1.1, -1.4, 0.0)(2.2, -1.4, 0.0)(-2.2, -1.4, 0.0)(-1.1, -1.4, 0.0)
--
data0.frame:12
data1.frame:12
server.pos:(0.0, -4.8, 0.0)
client.pos:(0.0, 4.8, 0.0)
Block:26(1.1, 0.0, 0.0)(2.2, 0.0, 0.0)(-2.2, 0.0, 0.0)(-1.1, 0.0, 0.0)(1.1, 0.7, 0.0)(0.0, 0.7, 0.0)(-3.3, 0.7, 0.0)(2.2, 0.7, 0.0)(-2.2, 0.7, 0.0)(-1.1, 0.7, 0.0)(3.3, 0.7, 0.0)(1.1, 1.4, 0.0)(2.2, 1.4, 0.0)(-2.2, 1.4, 0.0)(-1.1, 1.4, 0.0)(1.1, -0.7, 0.0)(0.0, -0.7, 0.0)(-3.3, -0.7, 0.0)(2.2, -0.7, 0.0)(-2.2, -0.7, 0.0)(-1.1, -0.7, 0.0)(3.3, -0.7, 0.0)(1.1, -1.4, 0.0)(2.2, -1.4, 0.0)(-2.2, -1.4, 0.0)(-1.1, -1.4, 0.0)
--
data0.frame:13
data1.frame:13
server.pos:(0.0, -4.8, 0.0)
client.pos:(0.0, 4.8, 0.0)
Block:26(1.1, 0.0, 0.0)(2.2, 0.0, 0.0)(-2.2, 0.0, 0.0)(-1.1, 0.0, 0.0)(1.1, 0.7, 0.0)(0.0, 0.7, 0.0)(-3.3, 0.7, 0.0)(2.2, 0.7, 0.0)(-2.2, 0.7, 0.0)(-1.1, 0.7, 0.0)(3.3, 0.7, 0.0)(1.1, 1.4, 0.0)(2.2, 1.4, 0.0)(-2.2, 1.4, 0.0)(-1.1, 1.4, 0.0)(1.1, -0.7, 0.0)(0.0, -0.7, 0.0)(-3.3, -0.7, 0.0)(2.2, -0.7, 0.0)(-2.2, -0.7, 0.0)(-1.1, -0.7, 0.0)(3.3, -0.7, 0.0)(1.1, -1.4, 0.0)(2.2, -1.4, 0.0)(-2.2, -1.4, 0.0)(-1.1, -1.4, 0.0)
--
data0.frame:14
data1.frame:14
server.pos:(0.0, -4.8, 0.0)
client.pos:(0.0, 4.8, 0.0)
Block:26(1.1, 0.0, 0.0)(2.2, 0.0, 0.0)(-2.2, 0.0, 0.0)(-1.1, 0.0, 0.0)(1.1, 0.7, 0.0)(0.0, 0.7, 0.0)(-3.3, 0.7, 0.0)(2.2, 0.7, 0.0)(-2.2, 0.7, 0.0)(-1.1, 0.7, 0.0)(3.3, 0.7, 0.0)(1.1, 1.4, 0.0)(2.2, 1.4, 0.0)(-2.2, 1.4, 0.0)(-1.1, 1.4, 0.0)(1.1, -0.7, 0.0)(0.0, -0.7, 0.0)(-3.3, -0.7, 0.0)(2.2, -0.7, 0.0)(-2.2, -0.7, 0.0)(-1.1, -0.7, 0.0)(3.3, -0.7, 0.0)(1.1, -1.4, 0.0)(2.2, -1.4, 0.0)(-2.2, -1.4, 0.0)(-1.1, -1.4, 0.0)
--
data0.frame:15
data1.frame:15
server.pos:(0.0, -4.8, 0.0)
client.pos:(0.0, 4.8, 0.0)
Block:26(1.1, 0.0, 0.0)(2.2, 0.0, 0.0)(-2.2, 0.0, 0.0)(-1.1, 0.0, 0.0)(1.1, 0.7, 0.0)(0.0, 0.7, 0.0)(-3.3, 0.7, 0.0)(2.2, 0.7, 0.0)(-2.2, 0.7, 0.0)(-1.1, 0.7, 0.0)(3.3, 0.7, 0.0)(1.1, 1.4, 0.0)(2.2, 1.4, 0.0)(-2.2, 1.4, 0.0)(-1.1, 1.4, 0.0)(1.1, -0.7, 0.0)(0.0, -0.7, 0.0)(-3.3, -0.7, 0.0)(2.2, -0.7, 0.0)(-2.2, -0.7, 0.0)(-1.1, -0.7, 0.0)(3.3, -0.7, 0.0)(1.1, -1.4, 0.0)(2.2, -1.4, 0.0)(-2.2, -1.4, 0.0)(-1.1, -1.4, 0.0)
--
data0.frame:16
data1.frame:16
server.pos:(0.0, -4.8, 0.0)
client.pos:(0.0, 4.8, 0.0)
Block:26(1.1, 0.0, 0.0)(2.2, 0.0, 0.0)(-2.2, 0.0, 0.0)(-1.1, 0.0, 0.0)(1.1, 0.7, 0.0)(0.0, 0.7, 0.0)(-3.3, 0.7, 0.0)(2.2, 0.7, 0.0)(-2.2, 0.7, 0.0)(-1.1, 0.7, 0.0)(3.3, 0.7, 0.0)(1.1, 1.4, 0.0)(2.2, 1.4, 0.0)(-2.2, 1.4, 0.0)(-1.1, 1.4, 0.0)(1.1, -0.7, 0.0)(0.0, -0.7, 0.0)(-3.3, -0.7, 0.0)(2.2, -0.7, 0.0)(-2.2, -0.7, 0.0)(-1.1, -0.7, 0.0)(3.3, -0.7, 0.0)(1.1, -1.4, 0.0)(2.2, -1.4, 0.0)(-2.2, -1.4, 0.0)(-1.1, -1.4, 0.0)
--
data0.frame:17
data1.frame:17
server.pos:(0.0, -4.8, 0.0)
client.pos:(0.0, 4.8, 0.0)
Block:26(1.1, 0.0, 0.0)(2.2, 0.0, 0.0)(-2.2, 0.0, 0.0)(-1.1, 0.0, 0.0)(1.1, 0.7, 0.0)(0.0, 0.7, 0.0)(-3.3, 0.7, 0.0)(2.2, 0.7, 0.0)(-2.2, 0.7, 0.0)(-1.1, 0.7, 0.0)(3.3, 0.7, 0.0)(1.1, 1.4, 0.0)(2.2, 1.4, 0.0)(-2.2, 1.4, 0.0)(-1.1, 1.4, 0.0)(1.1, -0.7, 0.0)(0.0, -0.7, 0.0)(-3.3, -0.7, 0.0)(2.2, -0.7, 0.0)(-2.2, -0.7, 0.0)(-1.1, -0.7, 0.0)(3.3, -0.7, 0.0)(1.1, -1.4, 0.0)(2.2, -1.4, 0.0)(-2.2, -1.4, 0.0)(-1.1, -1.4, 0.0)
--
data0.frame:18
data1.frame:18
server.pos:(0.0, -4.8, 0.0)
client.pos:(0.0, 4.8, 0.0)
Block:26(1.1, 0.0, 0.0)(2.2, 0.0, 0.0)(-2.2, 0.0, 0.0)(-1.1, 0.0, 0.0)(1.1, 0.7, 0.0)(0.0, 0.7, 0.0)(-3.3, 0.7, 0.0)(2.2, 0.7, 0.0)(-2.2, 0.7, 0.0)(-1.1, 0.7, 0.0)(3.3, 0.7, 0.0)(1.1, 1.4, 0.0)(2.2, 1.4, 0.0)(-2.2, 1.4, 0.0)(-1.1, 1.4, 0.0)(1.1, -0.7, 0.0)(0.0, -0.7, 0.0)(-3.3, -0.7, 0.0)(2.2, -0.7, 0.0)(-2.2, -0.7, 0.0)(-1.1, -0.7, 0.0)(3.3, -0.7, 0.0)(1.1, -1.4, 0.0)(2.2, -1.4, 0.0)(-2.2, -1.4, 0.0)(-1.1, -1.4, 0.0)
--
data0.frame:19
data1.frame:19
server.pos:(0.0, -4.8, 0.0)
client.pos:(0.0, 4.8, 0.0)
Block:26(1.1, 0.0, 0.0)(2.2, 0.0, 0.0)(-2.2, 0.0, 0.0)(-1.1, 0.0, 0.0)(1.1, 0.7, 0.0)(0.0, 0.7, 0.0)(-3.3, 0.7, 0.0)(2.2, 0.7, 0.0)(-2.2, 0.7, 0.0)(-1.1, 0.7, 0.0)(3.3, 0.7, 0.0)(1.1, 1.4, 0.0)(2.2, 1.4, 0.0)(-2.2, 1.4, 0.0)(-1.1, 1.4, 0.0)(1.1, -0.7, 0.0)(0.0, -0.7, 0.0)(-3.3, -0.7, 0.0)(2.2, -0.7, 0.0)(-2.2, -0.7, 0.0)(-1.1, -0.7, 0.0)(3.3, -0.7, 0.0)(1.1, -1.4, 0.0)(2.2, -1.4, 0.0)(-2.2, -1.4, 0.0)(-1.1, -1.4, 0.0)
--
data0.frame:20
data1.frame:20
server.pos:(0.0, -4.8, 0.0)
client.pos:(0.0, 4.8, 0.0)
Block:26(1.1, 0.0, 0.0)(2.2, 0.0, 0.0)(-2.2, 0.0, 0.0)(-1.1, 0.0, 0.0)(1.1, 0.7, 0.0)(0.0, 0.7, 0.0)(-3.3, 0.7, 0.0)(2.2, 0.7, 0.0)(-2.2, 0.7, 0.0)(-1.1, 0.7, 0.0)(3.3, 0.7, 0.0)(1.1, 1.4, 0.0)(2.2, 1.4, 0.0)(-2.2, 1.4, 0.0)(-1.1, 1.4, 0.0)(1.1, -0.7, 0.0)(0.0, -0.7, 0.0)(-3.3, -0.7, 0.0)(2.2, -0.7, 0.0)(-2.2, -0.7, 0.0)(-1.1, -0.7, 0.0)(3.3, -0.7, 0.0)(1.1, -1.4, 0.0)(2.2, -1.4, 0.0)(-2.2, -1.4, 0.0)(-1.1, -1.4, 0.0)
--
data0.frame:21
data1.frame:21
server.pos:(0.0, -4.8, 0.0)
client.pos:(0.0, 4.8, 0.0)
Block:26(1.1, 0.0, 0.0)(2.2, 0.0, 0.0)(-2.2, 0.0, 0.0)(-1.1, 0.0, 0.0)(1.1, 0.7, 0.0)(0.0, 0.7, 0.0)(-3.3, 0.7, 0.0)(2.2, 0.7, 0.0)(-2.2, 0.7, 0.0)(-1.1, 0.7, 0.0)(3.3, 0.7, 0.0)(1.1, 1.4, 0.0)(2.2, 1.4, 0.0)(-2.2, 1.4, 0.0)(-1.1, 1.4, 0.0)(1.1, -0.7, 0.0)(0.0, -0.7, 0.0)(-3.3, -0.7, 0.0)(2.2, -0.7, 0.0)(-2.2, -0.7, 0.0)(-1.1, -0.7, 0.0)(3.3, -0.7, 0.0)(1.1, -1.4, 0.0)(2.2, -1.4, 0.0)(-2.2, -1.4, 0.0)(-1.1, -1.4, 0.0)
--
data0.frame:22
data1.frame:22
server.pos:(0.0, -4.8, 0.0)
client.pos:(0.0, 4.8, 0.0)
Block:26(1.1, 0.0, 0.0)(2.2, 0.0, 0.0)(-2.2, 0.0, 0.0)(-1.1, 0.0, 0.0)(1.1, 0.7, 0.0)(0.0, 0.7, 0.0)(-3.3, 0.7, 0.0)(2.2, 0.7, 0.0)(-2.2, 0.7, 0.0)(-1.1, 0.7, 0.0)(3.3, 0.7, 0.0)(1.1, 1.4, 0.0)(2.2, 1.4, 0.0)(-2.2, 1.4, 0.0)(-1.1, 1.4, 0.0)(1.1, -0.7, 0.0)(0.0, -0.7, 0.0)(-3.3, -0.7, 0.0)(2.2, -0.7, 0.0)(-2.2, -0.7, 0.0)(-1.1, -0.7, 0.0)(3.3, -0.7, 0.0)(1.1, -1.4, 0.0)(2.2, -1.4, 0.0)(-2.2, -1.4, 0.0)(-1.1, -1.4, 0.0)
--
data0.frame:23
data1.frame:23
server.pos:(0.0, -4.8, 0.0)
client.pos:(0.0, 4.8, 0.0)
Block:26(1.1, 0.0, 0.0)(2.2, 0.0, 0.0)(-2.2, 0.0, 0.0)(-1.1, 0.0, 0.0)(1.1, 0.7, 0.0)(0.0, 0.7, 0.0)(-3.3, 0.7, 0.0)(2.2, 0.7, 0.0)(-2.2, 0.7, 0.0)(-1.1, 0.7, 0.0)(3.3, 0.7, 0.0)(1.1, 1.4, 0.0)(2.2, 1.4, 0.0)(-2.2, 1.4, 0.0)(-1.1, 1.4, 0.0)(1.1, -0.7, 0.0)(0.0, -0.7, 0.0)(-3.3, -0.7, 0.0)(2.2, -0.7, 0.0)(-2.2, -0.7, 0.0)(-1.1, -0.7, 0.0)(3.3, -0.7, 0.0)(1.1, -1.4, 0.0)(2.2, -1.4, 0.0)(-2.2, -1.4, 0.0)(-1.1, -1.4, 0.0)
--
data0.frame:24
data1.frame:24
server.pos:(0.0, -4.8, 0.0)
client.pos:(0.5, 4.8, 0.0)
Block:26(1.1, 0.0, 0.0)(2.2, 0.0, 0.0)(-2.2, 0.0, 0.0)(-1.1, 0.0, 0.0)(1.1, 0.7, 0.0)(0.0, 0.7, 0.0)(-3.3, 0.7, 0.0)(2.2, 0.7, 0.0)(-2.2, 0.7, 0.0)(-1.1, 0.7, 0.0)(3.3, 0.7, 0.0)(1.1, 1.4, 0.0)(2.2, 1.4, 0.0)(-2.2, 1.4, 0.0)(-1.1, 1.4, 0.0)(1.1, -0.7, 0.0)(0.0, -0.7, 0.0)(-3.3, -0.7, 0.0)(2.2, -0.7, 0.0)(-2.2, -0.7, 0.0)(-1.1, -0.7, 0.0)(3.3, -0.7, 0.0)(1.1, -1.4, 0.0)(2.2, -1.4, 0.0)(-2.2, -1.4, 0.0)(-1.1, -1.4, 0.0)
--
data0.frame:25
data1.frame:25
server.pos:(0.0, -4.8, 0.0)
client.pos:(0.5, 4.8, 0.0)
Block:26(1.1, 0.0, 0.0)(2.2, 0.0, 0.0)(-2.2, 0.0, 0.0)(-1.1, 0.0, 0.0)(1.1, 0.7, 0.0)(0.0, 0.7, 0.0)(-3.3, 0.7, 0.0)(2.2, 0.7, 0.0)(-2.2, 0.7, 0.0)(-1.1, 0.7, 0.0)(3.3, 0.7, 0.0)(1.1, 1.4, 0.0)(2.2, 1.4, 0.0)(-2.2, 1.4, 0.0)(-1.1, 1.4, 0.0)(1.1, -0.7, 0.0)(0.0, -0.7, 0.0)(-3.3, -0.7, 0.0)(2.2, -0.7, 0.0)(-2.2, -0.7, 0.0)(-1.1, -0.7, 0.0)(3.3, -0.7, 0.0)(1.1, -1.4, 0.0)(2.2, -1.4, 0.0)(-2.2, -1.4, 0.0)(-1.1, -1.4, 0.0)
--
data0.frame:26
data1.frame:26
server.pos:(0.0, -4.8, 0.0)
client.pos:(0.5, 4.8, 0.0)
Block:26(1.1, 0.0, 0.0)(2.2, 0.0, 0.0)(-2.2, 0.0, 0.0)(-1.1, 0.0, 0.0)(1.1, 0.7, 0.0)(0.0, 0.7, 0.0)(-3.3, 0.7, 0.0)(2.2, 0.7, 0.0)(-2.2, 0.7, 0.0)(-1.1, 0.7, 0.0)(3.3, 0.7, 0.0)(1.1, 1.4, 0.0)(2.2, 1.4, 0.0)(-2.2, 1.4, 0.0)(-1.1, 1.4, 0.0)(1.1, -0.7, 0.0)(0.0, -0.7, 0.0)(-3.3, -0.7, 0.0)(2.2, -0.7, 0.0)(-2.2, -0.7, 0.0)(-1.1, -0.7, 0.0)(3.3, -0.7, 0.0)(1.1, -1.4, 0.0)(2.2, -1.4, 0.0)(-2.2, -1.4, 0.0)(-1.1, -1.4, 0.0)
--
data0.frame:27
data1.frame:27
server.pos:(0.0, -4.8, 0.0)
client.pos:(0.5, 4.8, 0.0)
Block:26(1.1, 0.0, 0.0)(2.2, 0.0, 0.0)(-2.2, 0.0, 0.0)(-1.1, 0.0, 0.0)(1.1, 0.7, 0.0)(0.0, 0.7, 0.0)(-3.3, 0.7, 0.0)(2.2, 0.7, 0.0)(-2.2, 0.7, 0.0)(-1.1, 0.7, 0.0)(3.3, 0.7, 0.0)(1.1, 1.4, 0.0)(2.2, 1.4, 0.0)(-2.2, 1.4, 0.0)(-1.1, 1.4, 0.0)(1.1, -0.7, 0.0)(0.0, -0.7, 0.0)(-3.3, -0.7, 0.0)(2.2, -0.7, 0.0)(-2.2, -0.7, 0.0)(-1.1, -0.7, 0.0)(3.3, -0.7, 0.0)(1.1, -1.4, 0.0)(2.2, -1.4, 0.0)(-2.2, -1.4, 0.0)(-1.1, -1.4, 0.0)
--
data0.frame:28
data1.frame:28
server.pos:(0.0, -4.8, 0.0)
client.pos:(0.5, 4.8, 0.0)
Block:26(1.1, 0.0, 0.0)(2.2, 0.0, 0.0)(-2.2, 0.0, 0.0)(-1.1, 0.0, 0.0)(1.1, 0.7, 0.0)(0.0, 0.7, 0.0)(-3.3, 0.7, 0.0)(2.2, 0.7, 0.0)(-2.2, 0.7, 0.0)(-1.1, 0.7, 0.0)(3.3, 0.7, 0.0)(1.1, 1.4, 0.0)(2.2, 1.4, 0.0)(-2.2, 1.4, 0.0)(-1.1, 1.4, 0.0)(1.1, -0.7, 0.0)(0.0, -0.7, 0.0)(-3.3, -0.7, 0.0)(2.2, -0.7, 0.0)(-2.2, -0.7, 0.0)(-1.1, -0.7, 0.0)(3.3, -0.7, 0.0)(1.1, -1.4, 0.0)(2.2, -1.4, 0.0)(-2.2, -1.4, 0.0)(-1.1, -1.4, 0.0)
--
data0.frame:29
data1.frame:29
server.pos:(0.0, -4.8, 0.0)
client.pos:(0.5, 4.8, 0.0)
Block:26(1.1, 0.0, 0.0)(2.2, 0.0, 0.0)(-2.2, 0.0, 0.0)(-1.1, 0.0, 0.0)(1.1, 0.7, 0.0)(0.0, 0.7, 0.0)(-3.3, 0.7, 0.0)(2.2, 0.7, 0.0)(-2.2, 0.7, 0.0)(-1.1, 0.7, 0.0)(3.3, 0.7, 0.0)(1.1, 1.4, 0.0)(2.2, 1.4, 0.0)(-2.2, 1.4, 0.0)(-1.1, 1.4, 0.0)(1.1, -0.7, 0.0)(0.0, -0.7, 0.0)(-3.3, -0.7, 0.0)(2.2, -0.7, 0.0)(-2.2, -0.7, 0.0)(-1.1, -0.7, 0.0)(3.3, -0.7, 0.0)(1.1, -1.4, 0.0)(2.2, -1.4, 0.0)(-2.2, -1.4, 0.0)(-1.1, -1.4, 0.0)
--
data0.frame:30
data1.frame:30
server.pos:(0.0, -4.8, 0.0)
client.pos:(0.5, 4.8, 0.0)
Block:26(1.1, 0.0, 0.0)(2.2, 0.0, 0.0)(-2.2, 0.0, 0.0)(-1.1, 0.0, 0.0)(1.1, 0.7, 0.0)(0.0, 0.7, 0.0)(-3.3, 0.7, 0.0)(2.2, 0.7, 0.0)(-2.2, 0.7, 0.0)(-1.1, 0.7, 0.0)(3.3, 0.7, 0.0)(1.1, 1.4, 0.0)(2.2, 1.4, 0.0)(-2.2, 1.4, 0.0)(-1.1, 1.4, 0.0)(1.1, -0.7, 0.0)(0.0, -0.7, 0.0)(-3.3, -0.7, 0.0)(2.2, -0.7, 0.0)(-2.2, -0.7, 0.0)(-1.1, -0.7, 0.0)(3.3, -0.7, 0.0)(1.1, -1.4, 0.0)(2.2, -1.4, 0.0)(-2.2, -1.4, 0.0)(-1.1, -1.4, 0.0)
--
data0.frame:31
data1.frame:31
server.pos:(0.0, -4.8, 0.0)
client.pos:(0.5, 4.8, 0.0)
Block:26(1.1, 0.0, 0.0)(2.2, 0.0, 0.0)(-2.2, 0.0, 0.0)(-1.1, 0.0, 0.0)(1.1, 0.7, 0.0)(0.0, 0.7, 0.0)(-3.3, 0.7, 0.0)(2.2, 0.7, 0.0)(-2.2, 0.7, 0.0)(-1.1, 0.7, 0.0)(3.3, 0.7, 0.0)(1.1, 1.4, 0.0)(2.2, 1.4, 0.0)(-2.2, 1.4, 0.0)(-1.1, 1.4, 0.0)(1.1, -0.7, 0.0)(0.0, -0.7, 0.0)(-3.3, -0.7, 0.0)(2.2, -0.7, 0.0)(-2.2, -0.7, 0.0)(-1.1, -0.7, 0.0)(3.3, -0.7, 0.0)(1.1, -1.4, 0.0)(2.2, -1.4, 0.0)(-2.2, -1.4, 0.0)(-1.1, -1.4, 0.0)
--
data0.frame:32
data1.frame:32
server.pos:(0.0, -4.8, 0.0)
client.pos:(0.5, 4.8, 0.0)
Block:26(1.1, 0.0, 0.0)(2.2, 0.0, 0.0)(-2.2, 0.0, 0.0)(-1.1, 0.0, 0.0)(1.1, 0.7, 0.0)(0.0, 0.7, 0.0)(-3.3, 0.7, 0.0)(2.2, 0.7, 0.0)(-2.2, 0.7, 0.0)(-1.1, 0.7, 0.0)(3.3, 0.7, 0.0)(1.1, 1.4, 0.0)(2.2, 1.4, 0.0)(-2.2, 1.4, 0.0)(-1.1, 1.4, 0.0)(1.1, -0.7, 0.0)(0.0, -0.7, 0.0)(-3.3, -0.7, 0.0)(2.2, -0.7, 0.0)(-2.2, -0.7, 0.0)(-1.1, -0.7, 0.0)(3.3, -0.7, 0.0)(1.1, -1.4, 0.0)(2.2, -1.4, 0.0)(-2.2, -1.4, 0.0)(-1.1, -1.4, 0.0)
--
data0.frame:33
data1.frame:33
server.pos:(0.0, -4.8, 0.0)
client.pos:(0.5, 4.8, 0.0)
Block:26(1.1, 0.0, 0.0)(2.2, 0.0, 0.0)(-2.2, 0.0, 0.0)(-1.1, 0.0, 0.0)(1.1, 0.7, 0.0)(0.0, 0.7, 0.0)(-3.3, 0.7, 0.0)(2.2, 0.7, 0.0)(-2.2, 0.7, 0.0)(-1.1, 0.7, 0.0)(3.3, 0.7, 0.0)(1.1, 1.4, 0.0)(2.2, 1.4, 0.0)(-2.2, 1.4, 0.0)(-1.1, 1.4, 0.0)(1.1, -0.7, 0.0)(0.0, -0.7, 0.0)(-3.3, -0.7, 0.0)(2.2, -0.7, 0.0)(-2.2, -0.7, 0.0)(-1.1, -0.7, 0.0)(3.3, -0.7, 0.0)(1.1, -1.4, 0.0)(2.2, -1.4, 0.0)(-2.2, -1.4, 0.0)(-1.1, -1.4, 0.0)
--
data0.frame:34
data1.frame:34
server.pos:(0.0, -4.8, 0.0)
client.pos:(0.5, 4.8, 0.0)
Block:26(1.1, 0.0, 0.0)(2.2, 0.0, 0.0)(-2.2, 0.0, 0.0)(-1.1, 0.0, 0.0)(1.1, 0.7, 0.0)(0.0, 0.7, 0.0)(-3.3, 0.7, 0.0)(2.2, 0.7, 0.0)(-2.2, 0.7, 0.0)(-1.1, 0.7, 0.0)(3.3, 0.7, 0.0)(1.1, 1.4, 0.0)(2.2, 1.4, 0.0)(-2.2, 1.4, 0.0)(-1.1, 1.4, 0.0)(1.1, -0.7, 0.0)(0.0, -0.7, 0.0)(-3.3, -0.7, 0.0)(2.2, -0.7, 0.0)(-2.2, -0.7, 0.0)(-1.1, -0.7, 0.0)(3.3, -0.7, 0.0)(1.1, -1.4, 0.0)(2.2, -1.4, 0.0)(-2.2, -1.4, 0.0)(-1.1, -1.4, 0.0)
--
data0.frame:35
data1.frame:35
server.pos:(0.0, -4.8, 0.0)
client.pos:(0.5, 4.8, 0.0)
Block:26(1.1, 0.0, 0.0)(2.2, 0.0, 0.0)(-2.2, 0.0, 0.0)(-1.1, 0.0, 0.0)(1.1, 0.7, 0.0)(0.0, 0.7, 0.0)(-3.3, 0.7, 0.0)(2.2, 0.7, 0.0)(-2.2, 0.7, 0.0)(-1.1, 0.7, 0.0)(3.3, 0.7, 0.0)(1.1, 1.4, 0.0)(2.2, 1.4, 0.0)(-2.2, 1.4, 0.0)(-1.1, 1.4, 0.0)(1.1, -0.7, 0.0)(0.0, -0.7, 0.0)(-3.3, -0.7, 0.0)(2.2, -0.7, 0.0)(-2.2, -0.7, 0.0)(-1.1, -0.7, 0.0)(3.3, -0.7, 0.0)(1.1, -1.4, 0.0)(2.2, -1.4, 0.0)(-2.2, -1.4, 0.0)(-1.1, -1.4, 0.0)
--
data0.frame:36
data1.frame:36
server.pos:(0.0, -4.8, 0.0)
client.pos:(0.5, 4.8, 0.0)
Block:26(1.1, 0.0, 0.0)(2.2, 0.0, 0.0)(-2.2, 0.0, 0.0)(-1.1, 0.0, 0.0)(1.1, 0.7, 0.0)(0.0, 0.7, 0.0)(-3.3, 0.7, 0.0)(2.2, 0.7, 0.0)(-2.2, 0.7, 0.0)(-1.1, 0.7, 0.0)(3.3, 0.7, 0.0)(1.1, 1.4, 0.0)(2.2, 1.4, 0.0)(-2.2, 1.4, 0.0)(-1.1, 1.4, 0.0)(1.1, -0.7, 0.0)(0.0, -0.7, 0.0)(-3.3, -0.7, 0.0)(2.2, -0.7, 0.0)(-2.2, -0.7, 0.0)(-1.1, -0.7, 0.0)(3.3, -0.7, 0.0)(1.1, -1.4, 0.0)(2.2, -1.4, 0.0)(-2.2, -1.4, 0.0)(-1.1, -1.4, 0.0)
--
data0.frame:37
data1.frame:37
server.pos:(0.0, -4.8, 0.0)
client.pos:(0.5, 4.8, 0.0)
Block:26(1.1, 0.0, 0.0)(2.2, 0.0, 0.0)(-2.2, 0.0, 0.0)(-1.1, 0.0, 0.0)(1.1, 0.7, 0.0)(0.0, 0.7, 0.0)(-3.3, 0.7, 0.0)(2.2, 0.7, 0.0)(-2.2, 0.7, 0.0)(-1.1, 0.7, 0.0)(3.3, 0.7, 0.0)(1.1, 1.4, 0.0)(2.2, 1.4, 0.0)(-2.2, 1.4, 0.0)(-1.1, 1.4, 0.0)(1.1, -0.7, 0.0)(0.0, -0.7, 0.0)(-3.3, -0.7, 0.0)(2.2, -0.7, 0.0)(-2.2, -0.7, 0.0)(-1.1, -0.7, 0.0)(3.3, -0.7, 0.0)(1.1, -1.4, 0.0)(2.2, -1.4, 0.0)(-2.2, -1.4, 0.0)(-1.1, -1.4, 0.0)
--
data0.frame:38
data1.frame:38
server.pos:(0.0, -4.8, 0.0)
client.pos:(0.5, 4.8, 0.0)
Block:26(1.1, 0.0, 0.0)(2.2, 0.0, 0.0)(-2.2, 0.0, 0.0)(-1.1, 0.0, 0.0)(1.1, 0.7, 0.0)(0.0, 0.7, 0.0)(-3.3, 0.7, 0.0)(2.2, 0.7, 0.0)(-2.2, 0.7, 0.0)(-1.1, 0.7, 0.0)(3.3, 0.7, 0.0)(1.1, 1.4, 0.0)(2.2, 1.4, 0.0)(-2.2, 1.4, 0.0)(-1.1, 1.4, 0.0)(1.1, -0.7, 0.0)(0.0, -0.7, 0.0)(-3.3, -0.7, 0.0)(2.2, -0.7, 0.0)(-2.2, -0.7, 0.0)(-1.1, -0.7, 0.0)(3.3, -0.7, 0.0)(1.1, -1.4, 0.0)(2.2, -1.4, 0.0)(-2.2, -1.4, 0.0)(-1.1, -1.4, 0.0)
--
data0.frame:39
data1.frame:39
server.pos:(0.0, -4.8, 0.0)
client.pos:(0.5, 4.8, 0.0)
Block:26(1.1, 0.0, 0.0)(2.2, 0.0, 0.0)(-2.2, 0.0, 0.0)(-1.1, 0.0, 0.0)(1.1, 0.7, 0.0)(0.0, 0.7, 0.0)(-3.3, 0.7, 0.0)(2.2, 0.7, 0.0)(-2.2, 0.7, 0.0)(-1.1, 0.7, 0.0)(3.3, 0.7, 0.0)(1.1, 1.4, 0.0)(2.2, 1.4, 0.0)(-2.2, 1.4, 0.0)(-1.1, 1.4, 0.0)(1.1, -0.7, 0.0)(0.0, -0.7, 0.0)(-3.3, -0.7, 0.0)(2.2, -0.7, 0.0)(-2.2, -0.7, 0.0)(-1.1, -0.7, 0.0)(3.3, -0.7, 0.0)(1.1, -1.4, 0.0)(2.2, -1.4, 0.0)(-2.2, -1.4, 0.0)(-1.1, -1.4, 0.0)
--
data0.frame:40
data1.frame:40
server.pos:(0.0, -4.8, 0.0)
client.pos:(0.5, 4.8, 0.0)
Block:26(1.1, 0.0, 0.0)(2.2, 0.0, 0.0)(-2.2, 0.0, 0.0)(-1.1, 0.0, 0.0)(1.1, 0.7, 0.0)(0.0, 0.7, 0.0)(-3.3, 0.7, 0.0)(2.2, 0.7, 0.0)(-2.2, 0.7, 0.0)(-1.1, 0.7, 0.0)(3.3, 0.7, 0.0)(1.1, 1.4, 0.0)(2.2, 1.4, 0.0)(-2.2, 1.4, 0.0)(-1.1, 1.4, 0.0)(1.1, -0.7, 0.0)(0.0, -0.7, 0.0)(-3.3, -0.7, 0.0)(2.2, -0.7, 0.0)(-2.2, -0.7, 0.0)(-1.1, -0.7, 0.0)(3.3, -0.7, 0.0)(1.1, -1.4, 0.0)(2.2, -1.4, 0.0)(-2.2, -1.4, 0.0)(-1.1, -1.4, 0.0)
--
data0.frame:41
data1.frame:41
server.pos:(0.0, -4.8, 0.0)
client.pos:(0.5, 4.8, 0.0)
Block:26(1.1, 0.0, 0.0)(2.2, 0.0, 0.0)(-2.2, 0.0, 0.0)(-1.1, 0.0, 0.0)(1.1, 0.7, 0.0)(0.0, 0.7, 0.0)(-3.3, 0.7, 0.0)(2.2, 0.7, 0.0)(-2.2, 0.7, 0.0)(-1.1, 0.7, 0.0)(3.3, 0.7, 0.0)(1.1, 1.4, 0.0)(2.2, 1.4, 0.0)(-2.2, 1.4, 0.0)(-1.1, 1.4, 0.0)(1.1, -0.7, 0.0)(0.0, -0.7, 0.0)(-3.3, -0.7, 0.0)(2.2, -0.7, 0.0)(-2.2, -0.7, 0.0)(-1.1, -0.7, 0.0)(3.3, -0.7, 0.0)(1.1, -1.4, 0.0)(2.2, -1.4, 0.0)(-2.2, -1.4, 0.0)(-1.1, -1.4, 0.0)
--
data0.frame:42
data1.frame:42
server.pos:(0.0, -4.8, 0.0)
client.pos:(0.5, 4.8, 0.0)
Block:26(1.1, 0.0, 0.0)(2.2, 0.0, 0.0)(-2.2, 0.0, 0.0)(-1.1, 0.0, 0.0)(1.1, 0.7, 0.0)(0.0, 0.7, 0.0)(-3.3, 0.7, 0.0)(2.2, 0.7, 0.0)(-2.2, 0.7, 0.0)(-1.1, 0.7, 0.0)(3.3, 0.7, 0.0)(1.1, 1.4, 0.0)(2.2, 1.4, 0.0)(-2.2, 1.4, 0.0)(-1.1, 1.4, 0.0)(1.1, -0.7, 0.0)(0.0, -0.7, 0.0)(-3.3, -0.7, 0.0)(2.2, -0.7, 0.0)(-2.2, -0.7, 0.0)(-1.1, -0.7, 0.0)(3.3, -0.7, 0.0)(1.1, -1.4, 0.0)(2.2, -1.4, 0.0)(-2.2, -1.4, 0.0)(-1.1, -1.4, 0.0)
--
data0.frame:43
data1.frame:43
server.pos:(0.0, -4.8, 0.0)
client.pos:(0.5, 4.8, 0.0)
Block:26(1.1, 0.0, 0.0)(2.2, 0.0, 0.0)(-2.2, 0.0, 0.0)(-1.1, 0.0, 0.0)(1.1, 0.7, 0.0)(0.0, 0.7, 0.0)(-3.3, 0.7, 0.0)(2.2, 0.7, 0.0)(-2.2, 0.7, 0.0)(-1.1, 0.7, 0.0)(3.3, 0.7, 0.0)(1.1, 1.4, 0.0)(2.2, 1.4, 0.0)(-2.2, 1.4, 0.0)(-1.1, 1.4, 0.0)(1.1, -0.7, 0.0)(0.0, -0.7, 0.0)(-3.3, -0.7, 0.0)(2.2, -0.7, 0.0)(-2.2, -0.7, 0.0)(-1.1, -0.7, 0.0)(3.3, -0.7, 0.0)(1.1, -1.4, 0.0)(2.2, -1.4, 0.0)(-2.2, -1.4, 0.0)(-1.1, -1.4, 0.0)
--
data0.frame:44
data1.frame:44
server.pos:(0.0, -4.8, 0.0)
client.pos:(0.5, 4.8, 0.0)
Block:26(1.1, 0.0, 0.0)(2.2, 0.0, 0.0)(-2.2, 0.0, 0.0)(-1.1, 0.0, 0.0)(1.1, 0.7, 0.0)(0.0, 0.7, 0.0)(-3.3, 0.7, 0.0)(2.2, 0.7, 0.0)(-2.2, 0.7, 0.0)(-1.1, 0.7, 0.0)(3.3, 0.7, 0.0)(1.1, 1.4, 0.0)(2.2, 1.4, 0.0)(-2.2, 1.4, 0.0)(-1.1, 1.4, 0.0)(1.1, -0.7, 0.0)(0.0, -0.7, 0.0)(-3.3, -0.7, 0.0)(2.2, -0.7, 0.0)(-2.2, -0.7, 0.0)(-1.1, -0.7, 0.0)(3.3, -0.7, 0.0)(1.1, -1.4, 0.0)(2.2, -1.4, 0.0)(-2.2, -1.4, 0.0)(-1.1, -1.4, 0.0)
--
data0.frame:45
data1.frame:45
server.pos:(0.0, -4.8, 0.0)
client.pos:(0.5, 4.8, 0.0)
Block:26(1.1, 0.0, 0.0)(2.2, 0.0, 0.0)(-2.2, 0.0, 0.0)(-1.1, 0.0, 0.0)(1.1, 0.7, 0.0)(0.0, 0.7, 0.0)(-3.3, 0.7, 0.0)(2.2, 0.7, 0.0)(-2.2, 0.7, 0.0)(-1.1, 0.7, 0.0)(3.3, 0.7, 0.0)(1.1, 1.4, 0.0)(2.2, 1.4, 0.0)(-2.2, 1.4, 0.0)(-1.1, 1.4, 0.0)(1.1, -0.7, 0.0)(0.0, -0.7, 0.0)(-3.3, -0.7, 0.0)(2.2, -0.7, 0.0)(-2.2, -0.7, 0.0)(-1.1, -0.7, 0.0)(3.3, -0.7, 0.0)(1.1, -1.4, 0.0)(2.2, -1.4, 0.0)(-2.2, -1.4, 0.0)(-1.1, -1.4, 0.0)
--
data0.frame:46
data1.frame:46
server.pos:(0.0, -4.8, 0.0)
client.pos:(0.5, 4.8, 0.0)
Block:26(1.1, 0.0, 0.0)(2.2, 0.0, 0.0)(-2.2, 0.0, 0.0)(-1.1, 0.0, 0.0)(1.1, 0.7, 0.0)(0.0, 0.7, 0.0)(-3.3, 0.7, 0.0)(2.2, 0.7, 0.0)(-2.2, 0.7, 0.0)(-1.1, 0.7, 0.0)(3.3, 0.7, 0.0)(1.1, 1.4, 0.0)(2.2, 1.4, 0.0)(-2.2, 1.4, 0.0)(-1.1, 1.4, 0.0)(1.1, -0.7, 0.0)(0.0, -0.7, 0.0)(-3.3, -0.7, 0.0)(2.2, -0.7, 0.0)(-2.2, -0.7, 0.0)(-1.1, -0.7, 0.0)(3.3, -0.7, 0.0)(1.1, -1.4, 0.0)(2.2, -1.4, 0.0)(-2.2, -1.4, 0.0)(-1.1, -1.4, 0.0)
--
data0.frame:47
data1.frame:47
server.pos:(0.0, -4.8, 0.0)
client.pos:(0.5, 4.8, 0.0)
Block:26(1.1, 0.0, 0.0)(2.2, 0.0, 0.0)(-2.2, 0.0, 0.0)(-1.1, 0.0, 0.0)(1.1, 0.7, 0.0)(0.0, 0.7, 0.0)(-3.3, 0.7, 0.0)(2.2, 0.7, 0.0)(-2.2, 0.7, 0.0)(-1.1, 0.7, 0.0)(3.3, 0.7, 0.0)(1.1, 1.4, 0.0)(2.2, 1.4, 0.0)(-2.2, 1.4, 0.0)(-1.1, 1.4, 0.0)(1.1, -0.7, 0.0)(0.0, -0.7, 0.0)(-3.3, -0.7, 0.0)(2.2, -0.7, 0.0)(-2.2, -0.7, 0.0)(-1.1, -0.7, 0.0)(3.3, -0.7, 0.0)(1.1, -1.4, 0.0)(2.2, -1.4, 0.0)(-2.2, -1.4, 0.0)(-1.1, -1.4, 0.0)
--
data0.frame:48
data1.frame:48
server.pos:(0.0, -4.8, 0.0)
client.pos:(0.5, 4.8, 0.0)
Block:26(1.1, 0.0, 0.0)(2.2, 0.0, 0.0)(-2.2, 0.0, 0.0)(-1.1, 0.0, 0.0)(1.1, 0.7, 0.0)(0.0, 0.7, 0.0)(-3.3, 0.7, 0.0)(2.2, 0.7, 0.0)(-2.2, 0.7, 0.0)(-1.1, 0.7, 0.0)(3.3, 0.7, 0.0)(1.1, 1.4, 0.0)(2.2, 1.4, 0.0)(-2.2, 1.4, 0.0)(-1.1, 1.4, 0.0)(1.1, -0.7, 0.0)(0.0, -0.7, 0.0)(-3.3, -0.7, 0.0)(2.2, -0.7, 0.0)(-2.2, -0.7, 0.0)(-1.1, -0.7, 0.0)(3.3, -0.7, 0.0)(1.1, -1.4, 0.0)(2.2, -1.4, 0.0)(-2.2, -1.4, 0.0)(-1.1, -1.4, 0.0)
--
data0.frame:49
data1.frame:49
server.pos:(0.0, -4.8, 0.0)
client.pos:(0.5, 4.8, 0.0)
Block:26(1.1, 0.0, 0.0)(2.2, 0.0, 0.0)(-2.2, 0.0, 0.0)(-1.1, 0.0, 0.0)(1.1, 0.7, 0.0)(0.0, 0.7, 0.0)(-3.3, 0.7, 0.0)(2.2, 0.7, 0.0)(-2.2, 0.7, 0.0)(-1.1, 0.7, 0.0)(3.3, 0.7, 0.0)(1.1, 1.4, 0.0)(2.2, 1.4, 0.0)(-2.2, 1.4, 0.0)(-1.1, 1.4, 0.0)(1.1, -0.7, 0.0)(0.0, -0.7, 0.0)(-3.3, -0.7, 0.0)(2.2, -0.7, 0.0)(-2.2, -0.7, 0.0)(-1.1, -0.7, 0.0)(3.3, -0.7, 0.0)(1.1, -1.4, 0.0)(2.2, -1.4, 0.0)(-2.2, -1.4, 0.0)(-1.1, -1.4, 0.0)
--
data0.frame:50
data1.frame:50
server.pos:(0.0, -4.8, 0.0)
client.pos:(0.5, 4.8, 0.0)
Block:26(1.1, 0.0, 0.0)(2.2, 0.0, 0.0)(-2.2, 0.0, 0.0)(-1.1, 0.0, 0.0)(1.1, 0.7, 0.0)(0.0, 0.7, 0.0)(-3.3, 0.7, 0.0)(2.2, 0.7, 0.0)(-2.2, 0.7, 0.0)(-1.1, 0.7, 0.0)(3.3, 0.7, 0.0)(1.1, 1.4, 0.0)(2.2, 1.4, 0.0)(-2.2, 1.4, 0.0)(-1.1, 1.4, 0.0)(1.1, -0.7, 0.0)(0.0, -0.7, 0.0)(-3.3, -0.7, 0.0)(2.2, -0.7, 0.0)(-2.2, -0.7, 0.0)(-1.1, -0.7, 0.0)(3.3, -0.7, 0.0)(1.1, -1.4, 0.0)(2.2, -1.4, 0.0)(-2.2, -1.4, 0.0)(-1.1, -1.4, 0.0)
--
data0.frame:51
data1.frame:51
server.pos:(0.0, -4.8, 0.0)
client.pos:(0.5, 4.8, 0.0)
Block:26(1.1, 0.0, 0.0)(2.2, 0.0, 0.0)(-2.2, 0.0, 0.0)(-1.1, 0.0, 0.0)(1.1, 0.7, 0.0)(0.0, 0.7, 0.0)(-3.3, 0.7, 0.0)(2.2, 0.7, 0.0)(-2.2, 0.7, 0.0)(-1.1, 0.7, 0.0)(3.3, 0.7, 0.0)(1.1, 1.4, 0.0)(2.2, 1.4, 0.0)(-2.2, 1.4, 0.0)(-1.1, 1.4, 0.0)(1.1, -0.7, 0.0)(0.0, -0.7, 0.0)(-3.3, -0.7, 0.0)(2.2, -0.7, 0.0)(-2.2, -0.7, 0.0)(-1.1, -0.7, 0.0)(3.3, -0.7, 0.0)(1.1, -1.4, 0.0)(2.2, -1.4, 0.0)(-2.2, -1.4, 0.0)(-1.1, -1.4, 0.0)
--
data0.frame:52
data1.frame:52
server.pos:(0.0, -4.8, 0.0)
client.pos:(0.5, 4.8, 0.0)
Block:26(1.1, 0.0, 0.0)(2.2, 0.0, 0.0)(-2.2, 0.0, 0.0)(-1.1, 0.0, 0.0)(1.1, 0.7, 0.0)(0.0, 0.7, 0.0)(-3.3, 0.7, 0.0)(2.2, 0.7, 0.0)(-2.2, 0.7, 0.0)(-1.1, 0.7, 0.0)(3.3, 0.7, 0.0)(1.1, 1.4, 0.0)(2.2, 1.4, 0.0)(-2.2, 1.4, 0.0)(-1.1, 1.4, 0.0)(1.1, -0.7, 0.0)(0.0, -0.7, 0.0)(-3.3, -0.7, 0.0)(2.2, -0.7, 0.0)(-2.2, -0.7, 0.0)(-1.1, -0.7, 0.0)(3.3, -0.7, 0.0)(1.1, -1.4, 0.0)(2.2, -1.4, 0.0)(-2.2, -1.4, 0.0)(-1.1, -1.4, 0.0)
--
data0.frame:53
data1.frame:53
server.pos:(0.0, -4.8, 0.0)
client.pos:(0.5, 4.8, 0.0)
Block:26(1.1, 0.0, 0.0)(2.2, 0.0, 0.0)(-2.2, 0.0, 0.0)(-1.1, 0.0, 0.0)(1.1, 0.7, 0.0)(0.0, 0.7, 0.0)(-3.3, 0.7, 0.0)(2.2, 0.7, 0.0)(-2.2, 0.7, 0.0)(-1.1, 0.7, 0.0)(3.3, 0.7, 0.0)(1.1, 1.4, 0.0)(2.2, 1.4, 0.0)(-2.2, 1.4, 0.0)(-1.1, 1.4, 0.0)(1.1, -0.7, 0.0)(0.0, -0.7, 0.0)(-3.3, -0.7, 0.0)(2.2, -0.7, 0.0)(-2.2, -0.7, 0.0)(-1.1, -0.7, 0.0)(3.3, -0.7, 0.0)(1.1, -1.4, 0.0)(2.2, -1.4, 0.0)(-2.2, -1.4, 0.0)(-1.1, -1.4, 0.0)
--
data0.frame:54
data1.frame:54
server.pos:(0.0, -4.8, 0.0)
client.pos:(0.5, 4.8, 0.0)
Block:26(1.1, 0.0, 0.0)(2.2, 0.0, 0.0)(-2.2, 0.0, 0.0)(-1.1, 0.0, 0.0)(1.1, 0.7, 0.0)(0.0, 0.7, 0.0)(-3.3, 0.7, 0.0)(2.2, 0.7, 0.0)(-2.2, 0.7, 0.0)(-1.1, 0.7, 0.0)(3.3, 0.7, 0.0)(1.1, 1.4, 0.0)(2.2, 1.4, 0.0)(-2.2, 1.4, 0.0)(-1.1, 1.4, 0.0)(1.1, -0.7, 0.0)(0.0, -0.7, 0.0)(-3.3, -0.7, 0.0)(2.2, -0.7, 0.0)(-2.2, -0.7, 0.0)(-1.1, -0.7, 0.0)(3.3, -0.7, 0.0)(1.1, -1.4, 0.0)(2.2, -1.4, 0.0)(-2.2, -1.4, 0.0)(-1.1, -1.4, 0.0)
--
data0.frame:55
data1.frame:55
server.pos:(0.0, -4.8, 0.0)
client.pos:(0.5, 4.8, 0.0)
Block:26(1.1, 0.0, 0.0)(2.2, 0.0, 0.0)(-2.2, 0.0, 0.0)(-1.1, 0.0, 0.0)(1.1, 0.7, 0.0)(0.0, 0.7, 0.0)(-3.3, 0.7, 0.0)(2.2, 0.7, 0.0)(-2.2, 0.7, 0.0)(-1.1, 0.7, 0.0)(3.3, 0.7, 0.0)(1.1, 1.4, 0.0)(2.2, 1.4, 0.0)(-2.2, 1.4, 0.0)(-1.1, 1.4, 0.0)(1.1, -0.7, 0.0)(0.0, -0.7, 0.0)(-3.3, -0.7, 0.0)(2.2, -0.7, 0.0)(-2.2, -0.7, 0.0)(-1.1, -0.7, 0.0)(3.3, -0.7, 0.0)(1.1, -1.4, 0.0)(2.2, -1.4, 0.0)(-2.2, -1.4, 0.0)(-1.1, -1.4, 0.0)
--
data0.frame:56
data1.frame:56
server.pos:(0.0, -4.8, 0.0)
client.pos:(0.5, 4.8, 0.0)
Block:26(1.1, 0.0, 0.0)(2.2, 0.0, 0.0)(-2.2, 0.0, 0.0)(-1.1, 0.0, 0.0)(1.1, 0.7, 0.0)(0.0, 0.7, 0.0)(-3.3, 0.7, 0.0)(2.2, 0.7, 0.0)(-2.2, 0.7, 0.0)(-1.1, 0.7, 0.0)(3.3, 0.7, 0.0)(1.1, 1.4, 0.0)(2.2, 1.4, 0.0)(-2.2, 1.4, 0.0)(-1.1, 1.4, 0.0)(1.1, -0.7, 0.0)(0.0, -0.7, 0.0)(-3.3, -0.7, 0.0)(2.2, -0.7, 0.0)(-2.2, -0.7, 0.0)(-1.1, -0.7, 0.0)(3.3, -0.7, 0.0)(1.1, -1.4, 0.0)(2.2, -1.4, 0.0)(-2.2, -1.4, 0.0)(-1.1, -1.4, 0.0)
--
data0.frame:57
data1.frame:57
server.pos:(0.0, -4.8, 0.0)
client.pos:(0.5, 4.8, 0.0)
Block:26(1.1, 0.0, 0.0)(2.2, 0.0, 0.0)(-2.2, 0.0, 0.0)(-1.1, 0.0, 0.0)(1.1, 0.7, 0.0)(0.0, 0.7, 0.0)(-3.3, 0.7, 0.0)(2.2, 0.7, 0.0)(-2.2, 0.7, 0.0)(-1.1, 0.7, 0.0)(3.3, 0.7, 0.0)(1.1, 1.4, 0.0)(2.2, 1.4, 0.0)(-2.2, 1.4, 0.0)(-1.1, 1.4, 0.0)(1.1, -0.7, 0.0)(0.0, -0.7, 0.0)(-3.3, -0.7, 0.0)(2.2, -0.7, 0.0)(-2.2, -0.7, 0.0)(-1.1, -0.7, 0.0)(3.3, -0.7, 0.0)(1.1, -1.4, 0.0)(2.2, -1.4, 0.0)(-2.2, -1.4, 0.0)(-1.1, -1.4, 0.0)
--
data0.frame:58
data1.frame:58
server.pos:(0.0, -4.8, 0.0)
client.pos:(0.5, 4.8, 0.0)
Block:26(1.1, 0.0, 0.0)(2.2, 0.0, 0.0)(-2.2, 0.0, 0.0)(-1.1, 0.0, 0.0)(1.1, 0.7, 0.0)(0.0, 0.7, 0.0)(-3.3, 0.7, 0.0)(2.2, 0.7, 0.0)(-2.2, 0.7, 0.0)(-1.1, 0.7, 0.0)(3.3, 0.7, 0.0)(1.1, 1.4, 0.0)(2.2, 1.4, 0.0)(-2.2, 1.4, 0.0)(-1.1, 1.4, 0.0)(1.1, -0.7, 0.0)(0.0, -0.7, 0.0)(-3.3, -0.7, 0.0)(2.2, -0.7, 0.0)(-2.2, -0.7, 0.0)(-1.1, -0.7, 0.0)(3.3, -0.7, 0.0)(1.1, -1.4, 0.0)(2.2, -1.4, 0.0)(-2.2, -1.4, 0.0)(-1.1, -1.4, 0.0)
--
data0.frame:59
data1.frame:59
server.pos:(0.0, -4.8, 0.0)
client.pos:(0.5, 4.8, 0.0)
Block:26(1.1, 0.0, 0.0)(2.2, 0.0, 0.0)(-2.2, 0.0, 0.0)(-1.1, 0.0, 0.0)(1.1, 0.7, 0.0)(0.0, 0.7, 0.0)(-3.3, 0.7, 0.0)(2.2, 0.7, 0.0)(-2.2, 0.7, 0.0)(-1.1, 0.7, 0.0)(3.3, 0.7, 0.0)(1.1, 1.4, 0.0)(2.2, 1.4, 0.0)(-2.2, 1.4, 0.0)(-1.1, 1.4, 0.0)(1.1, -0.7, 0.0)(0.0, -0.7, 0.0)(-3.3, -0.7, 0.0)(2.2, -0.7, 0.0)(-2.2, -0.7, 0.0)(-1.1, -0.7, 0.0)(3.3, -0.7, 0.0)(1.1, -1.4, 0.0)(2.2, -1.4, 0.0)(-2.2, -1.4, 0.0)(-1.1, -1.4, 0.0)
--
data0.frame:60
data1.frame:60
server.pos:(0.0, -4.8, 0.0)
client.pos:(0.5, 4.8, 0.0)
Block:26(1.1, 0.0, 0.0)(2.2, 0.0, 0.0)(-2.2, 0.0, 0.0)(-1.1, 0.0, 0.0)(1.1, 0.7, 0.0)(0.0, 0.7, 0.0)(-3.3, 0.7, 0.0)(2.2, 0.7, 0.0)(-2.2, 0.7, 0.0)(-1.1, 0.7, 0.0)(3.3, 0.7, 0.0)(1.1, 1.4, 0.0)(2.2, 1.4, 0.0)(-2.2, 1.4, 0.0)(-1.1, 1.4, 0.0)(1.1, -0.7, 0.0)(0.0, -0.7, 0.0)(-3.3, -0.7, 0.0)(2.2, -0.7, 0.0)(-2.2, -0.7, 0.0)(-1.1, -0.7, 0.0)(3.3, -0.7, 0.0)(1.1, -1.4, 0.0)(2.2, -1.4, 0.0)(-2.2, -1.4, 0.0)(-1.1, -1.4, 0.0)
--
data0.frame:61
data1.frame:61
server.pos:(0.0, -4.8, 0.0)
client.pos:(0.5, 4.8, 0.0)
Block:26(1.1, 0.0, 0.0)(2.2, 0.0, 0.0)(-2.2, 0.0, 0.0)(-1.1, 0.0, 0.0)(1.1, 0.7, 0.0)(0.0, 0.7, 0.0)(-3.3, 0.7, 0.0)(2.2, 0.7, 0.0)(-2.2, 0.7, 0.0)(-1.1, 0.7, 0.0)(3.3, 0.7, 0.0)(1.1, 1.4, 0.0)(2.2, 1.4, 0.0)(-2.2, 1.4, 0.0)(-1.1, 1.4, 0.0)(1.1, -0.7, 0.0)(0.0, -0.7, 0.0)(-3.3, -0.7, 0.0)(2.2, -0.7, 0.0)(-2.2, -0.7, 0.0)(-1.1, -0.7, 0.0)(3.3, -0.7, 0.0)(1.1, -1.4, 0.0)(2.2, -1.4, 0.0)(-2.2, -1.4, 0.0)(-1.1, -1.4, 0.0)
--
data0.frame:62
data1.frame:62
server.pos:(0.0, -4.8, 0.0)
client.pos:(0.5, 4.8, 0.0)
Block:26(1.1, 0.0, 0.0)(2.2, 0.0, 0.0)(-2.2, 0.0, 0.0)(-1.1, 0.0, 0.0)(1.1, 0.7, 0.0)(0.0, 0.7, 0.0)(-3.3, 0.7, 0.0)(2.2, 0.7, 0.0)(-2.2, 0.7, 0.0)(-1.1, 0.7, 0.0)(3.3, 0.7, 0.0)(1.1, 1.4, 0.0)(2.2, 1.4, 0.0)(-2.2, 1.4, 0.0)(-1.1, 1.4, 0.0)(1.1, -0.7, 0.0)(0.0, -0.7, 0.0)(-3.3, -0.7, 0.0)(2.2, -0.7, 0.0)(-2.2, -0.7, 0.0)(-1.1, -0.7, 0.0)(3.3, -0.7, 0.0)(1.1, -1.4, 0.0)(2.2, -1.4, 0.0)(-2.2, -1.4, 0.0)(-1.1, -1.4, 0.0)
--
data0.frame:63
data1.frame:63
server.pos:(0.0, -4.8, 0.0)
client.pos:(0.5, 4.8, 0.0)
Block:26(1.1, 0.0, 0.0)(2.2, 0.0, 0.0)(-2.2, 0.0, 0.0)(-1.1, 0.0, 0.0)(1.1, 0.7, 0.0)(0.0, 0.7, 0.0)(-3.3, 0.7, 0.0)(2.2, 0.7, 0.0)(-2.2, 0.7, 0.0)(-1.1, 0.7, 0.0)(3.3, 0.7, 0.0)(1.1, 1.4, 0.0)(2.2, 1.4, 0.0)(-2.2, 1.4, 0.0)(-1.1, 1.4, 0.0)(1.1, -0.7, 0.0)(0.0, -0.7, 0.0)(-3.3, -0.7, 0.0)(2.2, -0.7, 0.0)(-2.2, -0.7, 0.0)(-1.1, -0.7, 0.0)(3.3, -0.7, 0.0)(1.1, -1.4, 0.0)(2.2, -1.4, 0.0)(-2.2, -1.4, 0.0)(-1.1, -1.4, 0.0)
--
data0.frame:64
data1.frame:64
server.pos:(0.0, -4.8, 0.0)
client.pos:(0.5, 4.8, 0.0)
Block:26(1.1, 0.0, 0.0)(2.2, 0.0, 0.0)(-2.2, 0.0, 0.0)(-1.1, 0.0, 0.0)(1.1, 0.7, 0.0)(0.0, 0.7, 0.0)(-3.3, 0.7, 0.0)(2.2, 0.7, 0.0)(-2.2, 0.7, 0.0)(-1.1, 0.7, 0.0)(3.3, 0.7, 0.0)(1.1, 1.4, 0.0)(2.2, 1.4, 0.0)(-2.2, 1.4, 0.0)(-1.1, 1.4, 0.0)(1.1, -0.7, 0.0)(0.0, -0.7, 0.0)(-3.3, -0.7, 0.0)(2.2, -0.7, 0.0)(-2.2, -0.7, 0.0)(-1.1, -0.7, 0.0)(3.3, -0.7, 0.0)(1.1, -1.4, 0.0)(2.2, -1.4, 0.0)(-2.2, -1.4, 0.0)(-1.1, -1.4, 0.0)
--
data0.frame:65
data1.frame:65
server.pos:(0.0, -4.8, 0.0)
client.pos:(0.5, 4.8, 0.0)
Block:26(1.1, 0.0, 0.0)(2.2, 0.0, 0.0)(-2.2, 0.0, 0.0)(-1.1, 0.0, 0.0)(1.1, 0.7, 0.0)(0.0, 0.7, 0.0)(-3.3, 0.7, 0.0)(2.2, 0.7, 0.0)(-2.2, 0.7, 0.0)(-1.1, 0.7, 0.0)(3.3, 0.7, 0.0)(1.1, 1.4, 0.0)(2.2, 1.4, 0.0)(-2.2, 1.4, 0.0)(-1.1, 1.4, 0.0)(1.1, -0.7, 0.0)(0.0, -0.7, 0.0)(-3.3, -0.7, 0.0)(2.2, -0.7, 0.0)(-2.2, -0.7, 0.0)(-1.1, -0.7, 0.0)(3.3, -0.7, 0.0)(1.1, -1.4, 0.0)(2.2, -1.4, 0.0)(-2.2, -1.4, 0.0)(-1.1, -1.4, 0.0)
--
data0.frame:66
data1.frame:66
server.pos:(0.0, -4.8, 0.0)
client.pos:(0.5, 4.8, 0.0)
Block:26(1.1, 0.0, 0.0)(2.2, 0.0, 0.0)(-2.2, 0.0, 0.0)(-1.1, 0.0, 0.0)(1.1, 0.7, 0.0)(0.0, 0.7, 0.0)(-3.3, 0.7, 0.0)(2.2, 0.7, 0.0)(-2.2, 0.7, 0.0)(-1.1, 0.7, 0.0)(3.3, 0.7, 0.0)(1.1, 1.4, 0.0)(2.2, 1.4, 0.0)(-2.2, 1.4, 0.0)(-1.1, 1.4, 0.0)(1.1, -0.7, 0.0)(0.0, -0.7, 0.0)(-3.3, -0.7, 0.0)(2.2, -0.7, 0.0)(-2.2, -0.7, 0.0)(-1.1, -0.7, 0.0)(3.3, -0.7, 0.0)(1.1, -1.4, 0.0)(2.2, -1.4, 0.0)(-2.2, -1.4, 0.0)(-1.1, -1.4, 0.0)
--
data0.frame:67
data1.frame:67
server.pos:(0.0, -4.8, 0.0)
client.pos:(0.5, 4.8, 0.0)
Block:26(1.1, 0.0, 0.0)(2.2, 0.0, 0.0)(-2.2, 0.0, 0.0)(-1.1, 0.0, 0.0)(1.1, 0.7, 0.0)(0.0, 0.7, 0.0)(-3.3, 0.7, 0.0)(2.2, 0.7, 0.0)(-2.2, 0.7, 0.0)(-1.1, 0.7, 0.0)(3.3, 0.7, 0.0)(1.1, 1.4, 0.0)(2.2, 1.4, 0.0)(-2.2, 1.4, 0.0)(-1.1, 1.4, 0.0)(1.1, -0.7, 0.0)(0.0, -0.7, 0.0)(-3.3, -0.7, 0.0)(2.2, -0.7, 0.0)(-2.2, -0.7, 0.0)(-1.1, -0.7, 0.0)(3.3, -0.7, 0.0)(1.1, -1.4, 0.0)(2.2, -1.4, 0.0)(-2.2, -1.4, 0.0)(-1.1, -1.4, 0.0)
--
data0.frame:68
data1.frame:68
server.pos:(0.0, -4.8, 0.0)
client.pos:(0.5, 4.8, 0.0)
Block:26(1.1, 0.0, 0.0)(2.2, 0.0, 0.0)(-2.2, 0.0, 0.0)(-1.1, 0.0, 0.0)(1.1, 0.7, 0.0)(0.0, 0.7, 0.0)(-3.3, 0.7, 0.0)(2.2, 0.7, 0.0)(-2.2, 0.7, 0.0)(-1.1, 0.7, 0.0)(3.3, 0.7, 0.0)(1.1, 1.4, 0.0)(2.2, 1.4, 0.0)(-2.2, 1.4, 0.0)(-1.1, 1.4, 0.0)(1.1, -0.7, 0.0)(0.0, -0.7, 0.0)(-3.3, -0.7, 0.0)(2.2, -0.7, 0.0)(-2.2, -0.7, 0.0)(-1.1, -0.7, 0.0)(3.3, -0.7, 0.0)(1.1, -1.4, 0.0)(2.2, -1.4, 0.0)(-2.2, -1.4, 0.0)(-1.1, -1.4, 0.0)
--
data0.frame:69
data1.frame:69
server.pos:(0.0, -4.8, 0.0)
client.pos:(0.5, 4.8, 0.0)
Block:26(1.1, 0.0, 0.0)(2.2, 0.0, 0.0)(-2.2, 0.0, 0.0)(-1.1, 0.0, 0.0)(1.1, 0.7, 0.0)(0.0, 0.7, 0.0)(-3.3, 0.7, 0.0)(2.2, 0.7, 0.0)(-2.2, 0.7, 0.0)(-1.1, 0.7, 0.0)(3.3, 0.7, 0.0)(1.1, 1.4, 0.0)(2.2, 1.4, 0.0)(-2.2, 1.4, 0.0)(-1.1, 1.4, 0.0)(1.1, -0.7, 0.0)(0.0, -0.7, 0.0)(-3.3, -0.7, 0.0)(2.2, -0.7, 0.0)(-2.2, -0.7, 0.0)(-1.1, -0.7, 0.0)(3.3, -0.7, 0.0)(1.1, -1.4, 0.0)(2.2, -1.4, 0.0)(-2.2, -1.4, 0.0)(-1.1, -1.4, 0.0)
--
data0.frame:70
data1.frame:70
server.pos:(0.0, -4.8, 0.0)
client.pos:(0.1, 4.8, 0.0)
Block:26(1.1, 0.0, 0.0)(2.2, 0.0, 0.0)(-2.2, 0.0, 0.0)(-1.1, 0.0, 0.0)(1.1, 0.7, 0.0)(0.0, 0.7, 0.0)(-3.3, 0.7, 0.0)(2.2, 0.7, 0.0)(-2.2, 0.7, 0.0)(-1.1, 0.7, 0.0)(3.3, 0.7, 0.0)(1.1, 1.4, 0.0)(2.2, 1.4, 0.0)(-2.2, 1.4, 0.0)(-1.1, 1.4, 0.0)(1.1, -0.7, 0.0)(0.0, -0.7, 0.0)(-3.3, -0.7, 0.0)(2.2, -0.7, 0.0)(-2.2, -0.7, 0.0)(-1.1, -0.7, 0.0)(3.3, -0.7, 0.0)(1.1, -1.4, 0.0)(2.2, -1.4, 0.0)(-2.2, -1.4, 0.0)(-1.1, -1.4, 0.0)
--
data0.frame:71
data1.frame:71
server.pos:(0.0, -4.8, 0.0)
client.pos:(0.1, 4.8, 0.0)
Block:26(1.1, 0.0, 0.0)(2.2, 0.0, 0.0)(-2.2, 0.0, 0.0)(-1.1, 0.0, 0.0)(1.1, 0.7, 0.0)(0.0, 0.7, 0.0)(-3.3, 0.7, 0.0)(2.2, 0.7, 0.0)(-2.2, 0.7, 0.0)(-1.1, 0.7, 0.0)(3.3, 0.7, 0.0)(1.1, 1.4, 0.0)(2.2, 1.4, 0.0)(-2.2, 1.4, 0.0)(-1.1, 1.4, 0.0)(1.1, -0.7, 0.0)(0.0, -0.7, 0.0)(-3.3, -0.7, 0.0)(2.2, -0.7, 0.0)(-2.2, -0.7, 0.0)(-1.1, -0.7, 0.0)(3.3, -0.7, 0.0)(1.1, -1.4, 0.0)(2.2, -1.4, 0.0)(-2.2, -1.4, 0.0)(-1.1, -1.4, 0.0)
--
data0.frame:72
data1.frame:72
server.pos:(0.0, -4.8, 0.0)
client.pos:(0.1, 4.8, 0.0)
Block:26(1.1, 0.0, 0.0)(2.2, 0.0, 0.0)(-2.2, 0.0, 0.0)(-1.1, 0.0, 0.0)(1.1, 0.7, 0.0)(0.0, 0.7, 0.0)(-3.3, 0.7, 0.0)(2.2, 0.7, 0.0)(-2.2, 0.7, 0.0)(-1.1, 0.7, 0.0)(3.3, 0.7, 0.0)(1.1, 1.4, 0.0)(2.2, 1.4, 0.0)(-2.2, 1.4, 0.0)(-1.1, 1.4, 0.0)(1.1, -0.7, 0.0)(0.0, -0.7, 0.0)(-3.3, -0.7, 0.0)(2.2, -0.7, 0.0)(-2.2, -0.7, 0.0)(-1.1, -0.7, 0.0)(3.3, -0.7, 0.0)(1.1, -1.4, 0.0)(2.2, -1.4, 0.0)(-2.2, -1.4, 0.0)(-1.1, -1.4, 0.0)
--
data0.frame:73
data1.frame:73
server.pos:(0.0, -4.8, 0.0)
client.pos:(0.1, 4.8, 0.0)
Block:26(1.1, 0.0, 0.0)(2.2, 0.0, 0.0)(-2.2, 0.0, 0.0)(-1.1, 0.0, 0.0)(1.1, 0.7, 0.0)(0.0, 0.7, 0.0)(-3.3, 0.7, 0.0)(2.2, 0.7, 0.0)(-2.2, 0.7, 0.0)(-1.1, 0.7, 0.0)(3.3, 0.7, 0.0)(1.1, 1.4, 0.0)(2.2, 1.4, 0.0)(-2.2, 1.4, 0.0)(-1.1, 1.4, 0.0)(1.1, -0.7, 0.0)(0.0, -0.7, 0.0)(-3.3, -0.7, 0.0)(2.2, -0.7, 0.0)(-2.2, -0.7, 0.0)(-1.1, -0.7, 0.0)(3.3, -0.7, 0.0)(1.1, -1.4, 0.0)(2.2, -1.4, 0.0)(-2.2, -1.4, 0.0)(-1.1, -1.4, 0.0)
--
data0.frame:74
data1.frame:74
server.pos:(0.0, -4.8, 0.0)
client.pos:(0.1, 4.8, 0.0)
Block:26(1.1, 0.0, 0.0)(2.2, 0.0, 0.0)(-2.2, 0.0, 0.0)(-1.1, 0.0, 0.0)(1.1, 0.7, 0.0)(0.0, 0.7, 0.0)(-3.3, 0.7, 0.0)(2.2, 0.7, 0.0)(-2.2, 0.7, 0.0)(-1.1, 0.7, 0.0)(3.3, 0.7, 0.0)(1.1, 1.4, 0.0)(2.2, 1.4, 0.0)(-2.2, 1.4, 0.0)(-1.1, 1.4, 0.0)(1.1, -0.7, 0.0)(0.0, -0.7, 0.0)(-3.3, -0.7, 0.0)(2.2, -0.7, 0.0)(-2.2, -0.7, 0.0)(-1.1, -0.7, 0.0)(3.3, -0.7, 0.0)(1.1, -1.4, 0.0)(2.2, -1.4, 0.0)(-2.2, -1.4, 0.0)(-1.1, -1.4, 0.0)
--
data0.frame:75
data1.frame:75
server.pos:(0.0, -4.8, 0.0)
client.pos:(0.1, 4.8, 0.0)
Block:25(1.1, 0.0, 0.0)(2.2, 0.0, 0.0)(-2.2, 0.0, 0.0)(-1.1, 0.0, 0.0)(1.1, 0.7, 0.0)(0.0, 0.7, 0.0)(-3.3, 0.7, 0.0)(2.2, 0.7, 0.0)(-2.2, 0.7, 0.0)(-1.1, 0.7, 0.0)(3.3, 0.7, 0.0)(1.1, 1.4, 0.0)(2.2, 1.4, 0.0)(-1.1, 1.4, 0.0)(1.1, -0.7, 0.0)(0.0, -0.7, 0.0)(-3.3, -0.7, 0.0)(2.2, -0.7, 0.0)(-2.2, -0.7, 0.0)(-1.1, -0.7, 0.0)(3.3, -0.7, 0.0)(1.1, -1.4, 0.0)(2.2, -1.4, 0.0)(-2.2, -1.4, 0.0)(-1.1, -1.4, 0.0)
--
data0.frame:76
data1.frame:76
server.pos:(0.0, -4.8, 0.0)
client.pos:(0.1, 4.8, 0.0)
Block:25(1.1, 0.0, 0.0)(2.2, 0.0, 0.0)(-2.2, 0.0, 0.0)(-1.1, 0.0, 0.0)(1.1, 0.7, 0.0)(0.0, 0.7, 0.0)(-3.3, 0.7, 0.0)(2.2, 0.7, 0.0)(-2.2, 0.7, 0.0)(-1.1, 0.7, 0.0)(3.3, 0.7, 0.0)(1.1, 1.4, 0.0)(2.2, 1.4, 0.0)(-1.1, 1.4, 0.0)(1.1, -0.7, 0.0)(0.0, -0.7, 0.0)(-3.3, -0.7, 0.0)(2.2, -0.7, 0.0)(-2.2, -0.7, 0.0)(-1.1, -0.7, 0.0)(3.3, -0.7, 0.0)(1.1, -1.4, 0.0)(2.2, -1.4, 0.0)(-2.2, -1.4, 0.0)(-1.1, -1.4, 0.0)
--
data0.frame:77
data1.frame:77
server.pos:(0.0, -4.8, 0.0)
client.pos:(0.0, 4.8, 0.0)
Block:25(1.1, 0.0, 0.0)(2.2, 0.0, 0.0)(-2.2, 0.0, 0.0)(-1.1, 0.0, 0.0)(1.1, 0.7, 0.0)(0.0, 0.7, 0.0)(-3.3, 0.7, 0.0)(2.2, 0.7, 0.0)(-2.2, 0.7, 0.0)(-1.1, 0.7, 0.0)(3.3, 0.7, 0.0)(1.1, 1.4, 0.0)(2.2, 1.4, 0.0)(-1.1, 1.4, 0.0)(1.1, -0.7, 0.0)(0.0, -0.7, 0.0)(-3.3, -0.7, 0.0)(2.2, -0.7, 0.0)(-2.2, -0.7, 0.0)(-1.1, -0.7, 0.0)(3.3, -0.7, 0.0)(1.1, -1.4, 0.0)(2.2, -1.4, 0.0)(-2.2, -1.4, 0.0)(-1.1, -1.4, 0.0)
--
data0.frame:78
data1.frame:78
server.pos:(0.0, -4.8, 0.0)
client.pos:(0.0, 4.8, 0.0)
Block:25(1.1, 0.0, 0.0)(2.2, 0.0, 0.0)(-2.2, 0.0, 0.0)(-1.1, 0.0, 0.0)(1.1, 0.7, 0.0)(0.0, 0.7, 0.0)(-3.3, 0.7, 0.0)(2.2, 0.7, 0.0)(-2.2, 0.7, 0.0)(-1.1, 0.7, 0.0)(3.3, 0.7, 0.0)(1.1, 1.4, 0.0)(2.2, 1.4, 0.0)(-1.1, 1.4, 0.0)(1.1, -0.7, 0.0)(0.0, -0.7, 0.0)(-3.3, -0.7, 0.0)(2.2, -0.7, 0.0)(-2.2, -0.7, 0.0)(-1.1, -0.7, 0.0)(3.3, -0.7, 0.0)(1.1, -1.4, 0.0)(2.2, -1.4, 0.0)(-2.2, -1.4, 0.0)(-1.1, -1.4, 0.0)
--
data0.frame:79
data1.frame:79
server.pos:(0.0, -4.8, 0.0)
client.pos:(-0.2, 4.8, 0.0)
Block:25(1.1, 0.0, 0.0)(2.2, 0.0, 0.0)(-2.2, 0.0, 0.0)(-1.1, 0.0, 0.0)(1.1, 0.7, 0.0)(0.0, 0.7, 0.0)(-3.3, 0.7, 0.0)(2.2, 0.7, 0.0)(-2.2, 0.7, 0.0)(-1.1, 0.7, 0.0)(3.3, 0.7, 0.0)(1.1, 1.4, 0.0)(2.2, 1.4, 0.0)(-1.1, 1.4, 0.0)(1.1, -0.7, 0.0)(0.0, -0.7, 0.0)(-3.3, -0.7, 0.0)(2.2, -0.7, 0.0)(-2.2, -0.7, 0.0)(-1.1, -0.7, 0.0)(3.3, -0.7, 0.0)(1.1, -1.4, 0.0)(2.2, -1.4, 0.0)(-2.2, -1.4, 0.0)(-1.1, -1.4, 0.0)
--
data0.frame:80
data1.frame:80
server.pos:(0.0, -4.8, 0.0)
client.pos:(-0.2, 4.8, 0.0)
Block:25(1.1, 0.0, 0.0)(2.2, 0.0, 0.0)(-2.2, 0.0, 0.0)(-1.1, 0.0, 0.0)(1.1, 0.7, 0.0)(0.0, 0.7, 0.0)(-3.3, 0.7, 0.0)(2.2, 0.7, 0.0)(-2.2, 0.7, 0.0)(-1.1, 0.7, 0.0)(3.3, 0.7, 0.0)(1.1, 1.4, 0.0)(2.2, 1.4, 0.0)(-1.1, 1.4, 0.0)(1.1, -0.7, 0.0)(0.0, -0.7, 0.0)(-3.3, -0.7, 0.0)(2.2, -0.7, 0.0)(-2.2, -0.7, 0.0)(-1.1, -0.7, 0.0)(3.3, -0.7, 0.0)(1.1, -1.4, 0.0)(2.2, -1.4, 0.0)(-2.2, -1.4, 0.0)(-1.1, -1.4, 0.0)
--
data0.frame:81
data1.frame:81
server.pos:(0.0, -4.8, 0.0)
client.pos:(-0.2, 4.8, 0.0)
Block:25(1.1, 0.0, 0.0)(2.2, 0.0, 0.0)(-2.2, 0.0, 0.0)(-1.1, 0.0, 0.0)(1.1, 0.7, 0.0)(0.0, 0.7, 0.0)(-3.3, 0.7, 0.0)(2.2, 0.7, 0.0)(-2.2, 0.7, 0.0)(-1.1, 0.7, 0.0)(3.3, 0.7, 0.0)(1.1, 1.4, 0.0)(2.2, 1.4, 0.0)(-1.1, 1.4, 0.0)(1.1, -0.7, 0.0)(0.0, -0.7, 0.0)(-3.3, -0.7, 0.0)(2.2, -0.7, 0.0)(-2.2, -0.7, 0.0)(-1.1, -0.7, 0.0)(3.3, -0.7, 0.0)(1.1, -1.4, 0.0)(2.2, -1.4, 0.0)(-2.2, -1.4, 0.0)(-1.1, -1.4, 0.0)
--
data0.frame:82
data1.frame:82
server.pos:(0.0, -4.8, 0.0)
client.pos:(-0.2, 4.8, 0.0)
Block:25(1.1, 0.0, 0.0)(2.2, 0.0, 0.0)(-2.2, 0.0, 0.0)(-1.1, 0.0, 0.0)(1.1, 0.7, 0.0)(0.0, 0.7, 0.0)(-3.3, 0.7, 0.0)(2.2, 0.7, 0.0)(-2.2, 0.7, 0.0)(-1.1, 0.7, 0.0)(3.3, 0.7, 0.0)(1.1, 1.4, 0.0)(2.2, 1.4, 0.0)(-1.1, 1.4, 0.0)(1.1, -0.7, 0.0)(0.0, -0.7, 0.0)(-3.3, -0.7, 0.0)(2.2, -0.7, 0.0)(-2.2, -0.7, 0.0)(-1.1, -0.7, 0.0)(3.3, -0.7, 0.0)(1.1, -1.4, 0.0)(2.2, -1.4, 0.0)(-2.2, -1.4, 0.0)(-1.1, -1.4, 0.0)
--
data0.frame:83
data1.frame:83
server.pos:(0.0, -4.8, 0.0)
client.pos:(-0.2, 4.8, 0.0)
Block:25(1.1, 0.0, 0.0)(2.2, 0.0, 0.0)(-2.2, 0.0, 0.0)(-1.1, 0.0, 0.0)(1.1, 0.7, 0.0)(0.0, 0.7, 0.0)(-3.3, 0.7, 0.0)(2.2, 0.7, 0.0)(-2.2, 0.7, 0.0)(-1.1, 0.7, 0.0)(3.3, 0.7, 0.0)(1.1, 1.4, 0.0)(2.2, 1.4, 0.0)(-1.1, 1.4, 0.0)(1.1, -0.7, 0.0)(0.0, -0.7, 0.0)(-3.3, -0.7, 0.0)(2.2, -0.7, 0.0)(-2.2, -0.7, 0.0)(-1.1, -0.7, 0.0)(3.3, -0.7, 0.0)(1.1, -1.4, 0.0)(2.2, -1.4, 0.0)(-2.2, -1.4, 0.0)(-1.1, -1.4, 0.0)
--
data0.frame:84
data1.frame:84
server.pos:(0.0, -4.8, 0.0)
client.pos:(-0.2, 4.8, 0.0)
Block:25(1.1, 0.0, 0.0)(2.2, 0.0, 0.0)(-2.2, 0.0, 0.0)(-1.1, 0.0, 0.0)(1.1, 0.7, 0.0)(0.0, 0.7, 0.0)(-3.3, 0.7, 0.0)(2.2, 0.7, 0.0)(-2.2, 0.7, 0.0)(-1.1, 0.7, 0.0)(3.3, 0.7, 0.0)(1.1, 1.4, 0.0)(2.2, 1.4, 0.0)(-1.1, 1.4, 0.0)(1.1, -0.7, 0.0)(0.0, -0.7, 0.0)(-3.3, -0.7, 0.0)(2.2, -0.7, 0.0)(-2.2, -0.7, 0.0)(-1.1, -0.7, 0.0)(3.3, -0.7, 0.0)(1.1, -1.4, 0.0)(2.2, -1.4, 0.0)(-2.2, -1.4, 0.0)(-1.1, -1.4, 0.0)
--
data0.frame:85
data1.frame:85
server.pos:(0.0, -4.8, 0.0)
client.pos:(-0.2, 4.8, 0.0)
Block:25(1.1, 0.0, 0.0)(2.2, 0.0, 0.0)(-2.2, 0.0, 0.0)(-1.1, 0.0, 0.0)(1.1, 0.7, 0.0)(0.0, 0.7, 0.0)(-3.3, 0.7, 0.0)(2.2, 0.7, 0.0)(-2.2, 0.7, 0.0)(-1.1, 0.7, 0.0)(3.3, 0.7, 0.0)(1.1, 1.4, 0.0)(2.2, 1.4, 0.0)(-1.1, 1.4, 0.0)(1.1, -0.7, 0.0)(0.0, -0.7, 0.0)(-3.3, -0.7, 0.0)(2.2, -0.7, 0.0)(-2.2, -0.7, 0.0)(-1.1, -0.7, 0.0)(3.3, -0.7, 0.0)(1.1, -1.4, 0.0)(2.2, -1.4, 0.0)(-2.2, -1.4, 0.0)(-1.1, -1.4, 0.0)
--
data0.frame:86
data1.frame:86
server.pos:(0.0, -4.8, 0.0)
client.pos:(-0.2, 4.8, 0.0)
Block:25(1.1, 0.0, 0.0)(2.2, 0.0, 0.0)(-2.2, 0.0, 0.0)(-1.1, 0.0, 0.0)(1.1, 0.7, 0.0)(0.0, 0.7, 0.0)(-3.3, 0.7, 0.0)(2.2, 0.7, 0.0)(-2.2, 0.7, 0.0)(-1.1, 0.7, 0.0)(3.3, 0.7, 0.0)(1.1, 1.4, 0.0)(2.2, 1.4, 0.0)(-1.1, 1.4, 0.0)(1.1, -0.7, 0.0)(0.0, -0.7, 0.0)(-3.3, -0.7, 0.0)(2.2, -0.7, 0.0)(-2.2, -0.7, 0.0)(-1.1, -0.7, 0.0)(3.3, -0.7, 0.0)(1.1, -1.4, 0.0)(2.2, -1.4, 0.0)(-2.2, -1.4, 0.0)(-1.1, -1.4, 0.0)
--
data0.frame:87
data1.frame:87
server.pos:(0.0, -4.8, 0.0)
client.pos:(-0.2, 4.8, 0.0)
Block:25(1.1, 0.0, 0.0)(2.2, 0.0, 0.0)(-2.2, 0.0, 0.0)(-1.1, 0.0, 0.0)(1.1, 0.7, 0.0)(0.0, 0.7, 0.0)(-3.3, 0.7, 0.0)(2.2, 0.7, 0.0)(-2.2, 0.7, 0.0)(-1.1, 0.7, 0.0)(3.3, 0.7, 0.0)(1.1, 1.4, 0.0)(2.2, 1.4, 0.0)(-1.1, 1.4, 0.0)(1.1, -0.7, 0.0)(0.0, -0.7, 0.0)(-3.3, -0.7, 0.0)(2.2, -0.7, 0.0)(-2.2, -0.7, 0.0)(-1.1, -0.7, 0.0)(3.3, -0.7, 0.0)(1.1, -1.4, 0.0)(2.2, -1.4, 0.0)(-2.2, -1.4, 0.0)(-1.1, -1.4, 0.0)
--
data0.frame:88
data1.frame:88
server.pos:(0.0, -4.8, 0.0)
client.pos:(-0.2, 4.8, 0.0)
Block:25(1.1, 0.0, 0.0)(2.2, 0.0, 0.0)(-2.2, 0.0, 0.0)(-1.1, 0.0, 0.0)(1.1, 0.7, 0.0)(0.0, 0.7, 0.0)(-3.3, 0.7, 0.0)(2.2, 0.7, 0.0)(-2.2, 0.7, 0.0)(-1.1, 0.7, 0.0)(3.3, 0.7, 0.0)(1.1, 1.4, 0.0)(2.2, 1.4, 0.0)(-1.1, 1.4, 0.0)(1.1, -0.7, 0.0)(0.0, -0.7, 0.0)(-3.3, -0.7, 0.0)(2.2, -0.7, 0.0)(-2.2, -0.7, 0.0)(-1.1, -0.7, 0.0)(3.3, -0.7, 0.0)(1.1, -1.4, 0.0)(2.2, -1.4, 0.0)(-2.2, -1.4, 0.0)(-1.1, -1.4, 0.0)
--
data0.frame:89
data1.frame:89
server.pos:(0.0, -4.8, 0.0)
client.pos:(-0.2, 4.8, 0.0)
Block:25(1.1, 0.0, 0.0)(2.2, 0.0, 0.0)(-2.2, 0.0, 0.0)(-1.1, 0.0, 0.0)(1.1, 0.7, 0.0)(0.0, 0.7, 0.0)(-3.3, 0.7, 0.0)(2.2, 0.7, 0.0)(-2.2, 0.7, 0.0)(-1.1, 0.7, 0.0)(3.3, 0.7, 0.0)(1.1, 1.4, 0.0)(2.2, 1.4, 0.0)(-1.1, 1.4, 0.0)(1.1, -0.7, 0.0)(0.0, -0.7, 0.0)(-3.3, -0.7, 0.0)(2.2, -0.7, 0.0)(-2.2, -0.7, 0.0)(-1.1, -0.7, 0.0)(3.3, -0.7, 0.0)(1.1, -1.4, 0.0)(2.2, -1.4, 0.0)(-2.2, -1.4, 0.0)(-1.1, -1.4, 0.0)
--
data0.frame:90
data1.frame:90
server.pos:(0.0, -4.8, 0.0)
client.pos:(-0.2, 4.8, 0.0)
Block:25(1.1, 0.0, 0.0)(2.2, 0.0, 0.0)(-2.2, 0.0, 0.0)(-1.1, 0.0, 0.0)(1.1, 0.7, 0.0)(0.0, 0.7, 0.0)(-3.3, 0.7, 0.0)(2.2, 0.7, 0.0)(-2.2, 0.7, 0.0)(-1.1, 0.7, 0.0)(3.3, 0.7, 0.0)(1.1, 1.4, 0.0)(2.2, 1.4, 0.0)(-1.1, 1.4, 0.0)(1.1, -0.7, 0.0)(0.0, -0.7, 0.0)(-3.3, -0.7, 0.0)(2.2, -0.7, 0.0)(-2.2, -0.7, 0.0)(-1.1, -0.7, 0.0)(3.3, -0.7, 0.0)(1.1, -1.4, 0.0)(2.2, -1.4, 0.0)(-2.2, -1.4, 0.0)(-1.1, -1.4, 0.0)
--
data0.frame:91
data1.frame:91
server.pos:(0.0, -4.8, 0.0)
client.pos:(-0.2, 4.8, 0.0)
Block:25(1.1, 0.0, 0.0)(2.2, 0.0, 0.0)(-2.2, 0.0, 0.0)(-1.1, 0.0, 0.0)(1.1, 0.7, 0.0)(0.0, 0.7, 0.0)(-3.3, 0.7, 0.0)(2.2, 0.7, 0.0)(-2.2, 0.7, 0.0)(-1.1, 0.7, 0.0)(3.3, 0.7, 0.0)(1.1, 1.4, 0.0)(2.2, 1.4, 0.0)(-1.1, 1.4, 0.0)(1.1, -0.7, 0.0)(0.0, -0.7, 0.0)(-3.3, -0.7, 0.0)(2.2, -0.7, 0.0)(-2.2, -0.7, 0.0)(-1.1, -0.7, 0.0)(3.3, -0.7, 0.0)(1.1, -1.4, 0.0)(2.2, -1.4, 0.0)(-2.2, -1.4, 0.0)(-1.1, -1.4, 0.0)
--
data0.frame:92
data1.frame:92
server.pos:(0.0, -4.8, 0.0)
client.pos:(-0.2, 4.8, 0.0)
Block:25(1.1, 0.0, 0.0)(2.2, 0.0, 0.0)(-2.2, 0.0, 0.0)(-1.1, 0.0, 0.0)(1.1, 0.7, 0.0)(0.0, 0.7, 0.0)(-3.3, 0.7, 0.0)(2.2, 0.7, 0.0)(-2.2, 0.7, 0.0)(-1.1, 0.7, 0.0)(3.3, 0.7, 0.0)(1.1, 1.4, 0.0)(2.2, 1.4, 0.0)(-1.1, 1.4, 0.0)(1.1, -0.7, 0.0)(0.0, -0.7, 0.0)(-3.3, -0.7, 0.0)(2.2, -0.7, 0.0)(-2.2, -0.7, 0.0)(-1.1, -0.7, 0.0)(3.3, -0.7, 0.0)(1.1, -1.4, 0.0)(2.2, -1.4, 0.0)(-2.2, -1.4, 0.0)(-1.1, -1.4, 0.0)
--
data0.frame:93
data1.frame:93
server.pos:(0.0, -4.8, 0.0)
client.pos:(-0.2, 4.8, 0.0)
Block:25(1.1, 0.0, 0.0)(2.2, 0.0, 0.0)(-2.2, 0.0, 0.0)(-1.1, 0.0, 0.0)(1.1, 0.7, 0.0)(0.0, 0.7, 0.0)(-3.3, 0.7, 0.0)(2.2, 0.7, 0.0)(-2.2, 0.7, 0.0)(-1.1, 0.7, 0.0)(3.3, 0.7, 0.0)(1.1, 1.4, 0.0)(2.2, 1.4, 0.0)(-1.1, 1.4, 0.0)(1.1, -0.7, 0.0)(0.0, -0.7, 0.0)(-3.3, -0.7, 0.0)(2.2, -0.7, 0.0)(-2.2, -0.7, 0.0)(-1.1, -0.7, 0.0)(3.3, -0.7, 0.0)(1.1, -1.4, 0.0)(2.2, -1.4, 0.0)(-2.2, -1.4, 0.0)(-1.1, -1.4, 0.0)
--
data0.frame:94
data1.frame:94
server.pos:(0.0, -4.8, 0.0)
client.pos:(-0.2, 4.8, 0.0)
Block:25(1.1, 0.0, 0.0)(2.2, 0.0, 0.0)(-2.2, 0.0, 0.0)(-1.1, 0.0, 0.0)(1.1, 0.7, 0.0)(0.0, 0.7, 0.0)(-3.3, 0.7, 0.0)(2.2, 0.7, 0.0)(-2.2, 0.7, 0.0)(-1.1, 0.7, 0.0)(3.3, 0.7, 0.0)(1.1, 1.4, 0.0)(2.2, 1.4, 0.0)(-1.1, 1.4, 0.0)(1.1, -0.7, 0.0)(0.0, -0.7, 0.0)(-3.3, -0.7, 0.0)(2.2, -0.7, 0.0)(-2.2, -0.7, 0.0)(-1.1, -0.7, 0.0)(3.3, -0.7, 0.0)(1.1, -1.4, 0.0)(2.2, -1.4, 0.0)(-2.2, -1.4, 0.0)(-1.1, -1.4, 0.0)
--
data0.frame:95
data1.frame:95
server.pos:(0.0, -4.8, 0.0)
client.pos:(-0.2, 4.8, 0.0)
Block:25(1.1, 0.0, 0.0)(2.2, 0.0, 0.0)(-2.2, 0.0, 0.0)(-1.1, 0.0, 0.0)(1.1, 0.7, 0.0)(0.0, 0.7, 0.0)(-3.3, 0.7, 0.0)(2.2, 0.7, 0.0)(-2.2, 0.7, 0.0)(-1.1, 0.7, 0.0)(3.3, 0.7, 0.0)(1.1, 1.4, 0.0)(2.2, 1.4, 0.0)(-1.1, 1.4, 0.0)(1.1, -0.7, 0.0)(0.0, -0.7, 0.0)(-3.3, -0.7, 0.0)(2.2, -0.7, 0.0)(-2.2, -0.7, 0.0)(-1.1, -0.7, 0.0)(3.3, -0.7, 0.0)(1.1, -1.4, 0.0)(2.2, -1.4, 0.0)(-2.2, -1.4, 0.0)(-1.1, -1.4, 0.0)
--
data0.frame:96
data1.frame:96
server.pos:(0.0, -4.8, 0.0)
client.pos:(-0.2, 4.8, 0.0)
Block:25(1.1, 0.0, 0.0)(2.2, 0.0, 0.0)(-2.2, 0.0, 0.0)(-1.1, 0.0, 0.0)(1.1, 0.7, 0.0)(0.0, 0.7, 0.0)(-3.3, 0.7, 0.0)(2.2, 0.7, 0.0)(-2.2, 0.7, 0.0)(-1.1, 0.7, 0.0)(3.3, 0.7, 0.0)(1.1, 1.4, 0.0)(2.2, 1.4, 0.0)(-1.1, 1.4, 0.0)(1.1, -0.7, 0.0)(0.0, -0.7, 0.0)(-3.3, -0.7, 0.0)(2.2, -0.7, 0.0)(-2.2, -0.7, 0.0)(-1.1, -0.7, 0.0)(3.3, -0.7, 0.0)(1.1, -1.4, 0.0)(2.2, -1.4, 0.0)(-2.2, -1.4, 0.0)(-1.1, -1.4, 0.0)
--
data0.frame:97
data1.frame:97
server.pos:(0.0, -4.8, 0.0)
client.pos:(-0.2, 4.8, 0.0)
Block:25(1.1, 0.0, 0.0)(2.2, 0.0, 0.0)(-2.2, 0.0, 0.0)(-1.1, 0.0, 0.0)(1.1, 0.7, 0.0)(0.0, 0.7, 0.0)(-3.3, 0.7, 0.0)(2.2, 0.7, 0.0)(-2.2, 0.7, 0.0)(-1.1, 0.7, 0.0)(3.3, 0.7, 0.0)(1.1, 1.4, 0.0)(2.2, 1.4, 0.0)(-1.1, 1.4, 0.0)(1.1, -0.7, 0.0)(0.0, -0.7, 0.0)(-3.3, -0.7, 0.0)(2.2, -0.7, 0.0)(-2.2, -0.7, 0.0)(-1.1, -0.7, 0.0)(3.3, -0.7, 0.0)(1.1, -1.4, 0.0)(2.2, -1.4, 0.0)(-2.2, -1.4, 0.0)(-1.1, -1.4, 0.0)
--
data0.frame:98
data1.frame:98
server.pos:(0.0, -4.8, 0.0)
client.pos:(-0.2, 4.8, 0.0)
Block:25(1.1, 0.0, 0.0)(2.2, 0.0, 0.0)(-2.2, 0.0, 0.0)(-1.1, 0.0, 0.0)(1.1, 0.7, 0.0)(0.0, 0.7, 0.0)(-3.3, 0.7, 0.0)(2.2, 0.7, 0.0)(-2.2, 0.7, 0.0)(-1.1, 0.7, 0.0)(3.3, 0.7, 0.0)(1.1, 1.4, 0.0)(2.2, 1.4, 0.0)(-1.1, 1.4, 0.0)(1.1, -0.7, 0.0)(0.0, -0.7, 0.0)(-3.3, -0.7, 0.0)(2.2, -0.7, 0.0)(-2.2, -0.7, 0.0)(-1.1, -0.7, 0.0)(3.3, -0.7, 0.0)(1.1, -1.4, 0.0)(2.2, -1.4, 0.0)(-2.2, -1.4, 0.0)(-1.1, -1.4, 0.0)
--
data0.frame:99
data1.frame:99
server.pos:(0.0, -4.8, 0.0)
client.pos:(-0.2, 4.8, 0.0)
Block:25(1.1, 0.0, 0.0)(2.2, 0.0, 0.0)(-2.2, 0.0, 0.0)(-1.1, 0.0, 0.0)(1.1, 0.7, 0.0)(0.0, 0.7, 0.0)(-3.3, 0.7, 0.0)(2.2, 0.7, 0.0)(-2.2, 0.7, 0.0)(-1.1, 0.7, 0.0)(3.3, 0.7, 0.0)(1.1, 1.4, 0.0)(2.2, 1.4, 0.0)(-1.1, 1.4, 0.0)(1.1, -0.7, 0.0)(0.0, -0.7, 0.0)(-3.3, -0.7, 0.0)(2.2, -0.7, 0.0)(-2.2, -0.7, 0.0)(-1.1, -0.7, 0.0)(3.3, -0.7, 0.0)(1.1, -1.4, 0.0)(2.2, -1.4, 0.0)(-2.2, -1.4, 0.0)(-1.1, -1.4, 0.0)
--
data0.frame:100
data1.frame:100
server.pos:(0.0, -4.8, 0.0)
client.pos:(-0.2, 4.8, 0.0)
Block:25(1.1, 0.0, 0.0)(2.2, 0.0, 0.0)(-2.2, 0.0, 0.0)(-1.1, 0.0, 0.0)(1.1, 0.7, 0.0)(0.0, 0.7, 0.0)(-3.3, 0.7, 0.0)(2.2, 0.7, 0.0)(-2.2, 0.7, 0.0)(-1.1, 0.7, 0.0)(3.3, 0.7, 0.0)(1.1, 1.4, 0.0)(2.2, 1.4, 0.0)(-1.1, 1.4, 0.0)(1.1, -0.7, 0.0)(0.0, -0.7, 0.0)(-3.3, -0.7, 0.0)(2.2, -0.7, 0.0)(-2.2, -0.7, 0.0)(-1.1, -0.7, 0.0)(3.3, -0.7, 0.0)(1.1, -1.4, 0.0)(2.2, -1.4, 0.0)(-2.2, -1.4, 0.0)(-1.1, -1.4, 0.0)
--
data0.frame:101
data1.frame:101
server.pos:(0.0, -4.8, 0.0)
client.pos:(-0.2, 4.8, 0.0)
Block:25(1.1, 0.0, 0.0)(2.2, 0.0, 0.0)(-2.2, 0.0, 0.0)(-1.1, 0.0, 0.0)(1.1, 0.7, 0.0)(0.0, 0.7, 0.0)(-3.3, 0.7, 0.0)(2.2, 0.7, 0.0)(-2.2, 0.7, 0.0)(-1.1, 0.7, 0.0)(3.3, 0.7, 0.0)(1.1, 1.4, 0.0)(2.2, 1.4, 0.0)(-1.1, 1.4, 0.0)(1.1, -0.7, 0.0)(0.0, -0.7, 0.0)(-3.3, -0.7, 0.0)(2.2, -0.7, 0.0)(-2.2, -0.7, 0.0)(-1.1, -0.7, 0.0)(3.3, -0.7, 0.0)(1.1, -1.4, 0.0)(2.2, -1.4, 0.0)(-2.2, -1.4, 0.0)(-1.1, -1.4, 0.0)
--
data0.frame:102
data1.frame:102
server.pos:(0.0, -4.8, 0.0)
client.pos:(-0.2, 4.8, 0.0)
Block:25(1.1, 0.0, 0.0)(2.2, 0.0, 0.0)(-2.2, 0.0, 0.0)(-1.1, 0.0, 0.0)(1.1, 0.7, 0.0)(0.0, 0.7, 0.0)(-3.3, 0.7, 0.0)(2.2, 0.7, 0.0)(-2.2, 0.7, 0.0)(-1.1, 0.7, 0.0)(3.3, 0.7, 0.0)(1.1, 1.4, 0.0)(2.2, 1.4, 0.0)(-1.1, 1.4, 0.0)(1.1, -0.7, 0.0)(0.0, -0.7, 0.0)(-3.3, -0.7, 0.0)(2.2, -0.7, 0.0)(-2.2, -0.7, 0.0)(-1.1, -0.7, 0.0)(3.3, -0.7, 0.0)(1.1, -1.4, 0.0)(2.2, -1.4, 0.0)(-2.2, -1.4, 0.0)(-1.1, -1.4, 0.0)
--
data0.frame:103
data1.frame:103
server.pos:(0.0, -4.8, 0.0)
client.pos:(-0.2, 4.8, 0.0)
Block:25(1.1, 0.0, 0.0)(2.2, 0.0, 0.0)(-2.2, 0.0, 0.0)(-1.1, 0.0, 0.0)(1.1, 0.7, 0.0)(0.0, 0.7, 0.0)(-3.3, 0.7, 0.0)(2.2, 0.7, 0.0)(-2.2, 0.7, 0.0)(-1.1, 0.7, 0.0)(3.3, 0.7, 0.0)(1.1, 1.4, 0.0)(2.2, 1.4, 0.0)(-1.1, 1.4, 0.0)(1.1, -0.7, 0.0)(0.0, -0.7, 0.0)(-3.3, -0.7, 0.0)(2.2, -0.7, 0.0)(-2.2, -0.7, 0.0)(-1.1, -0.7, 0.0)(3.3, -0.7, 0.0)(1.1, -1.4, 0.0)(2.2, -1.4, 0.0)(-2.2, -1.4, 0.0)(-1.1, -1.4, 0.0)
--
data0.frame:104
data1.frame:104
server.pos:(0.0, -4.8, 0.0)
client.pos:(-0.2, 4.8, 0.0)
Block:25(1.1, 0.0, 0.0)(2.2, 0.0, 0.0)(-2.2, 0.0, 0.0)(-1.1, 0.0, 0.0)(1.1, 0.7, 0.0)(0.0, 0.7, 0.0)(-3.3, 0.7, 0.0)(2.2, 0.7, 0.0)(-2.2, 0.7, 0.0)(-1.1, 0.7, 0.0)(3.3, 0.7, 0.0)(1.1, 1.4, 0.0)(2.2, 1.4, 0.0)(-1.1, 1.4, 0.0)(1.1, -0.7, 0.0)(0.0, -0.7, 0.0)(-3.3, -0.7, 0.0)(2.2, -0.7, 0.0)(-2.2, -0.7, 0.0)(-1.1, -0.7, 0.0)(3.3, -0.7, 0.0)(1.1, -1.4, 0.0)(2.2, -1.4, 0.0)(-2.2, -1.4, 0.0)(-1.1, -1.4, 0.0)
--
data0.frame:105
data1.frame:105
server.pos:(0.0, -4.8, 0.0)
client.pos:(-0.2, 4.8, 0.0)
Block:25(1.1, 0.0, 0.0)(2.2, 0.0, 0.0)(-2.2, 0.0, 0.0)(-1.1, 0.0, 0.0)(1.1, 0.7, 0.0)(0.0, 0.7, 0.0)(-3.3, 0.7, 0.0)(2.2, 0.7, 0.0)(-2.2, 0.7, 0.0)(-1.1, 0.7, 0.0)(3.3, 0.7, 0.0)(1.1, 1.4, 0.0)(2.2, 1.4, 0.0)(-1.1, 1.4, 0.0)(1.1, -0.7, 0.0)(0.0, -0.7, 0.0)(-3.3, -0.7, 0.0)(2.2, -0.7, 0.0)(-2.2, -0.7, 0.0)(-1.1, -0.7, 0.0)(3.3, -0.7, 0.0)(1.1, -1.4, 0.0)(2.2, -1.4, 0.0)(-2.2, -1.4, 0.0)(-1.1, -1.4, 0.0)
--
data0.frame:106
data1.frame:106
server.pos:(0.0, -4.8, 0.0)
client.pos:(-0.2, 4.8, 0.0)
Block:25(1.1, 0.0, 0.0)(2.2, 0.0, 0.0)(-2.2, 0.0, 0.0)(-1.1, 0.0, 0.0)(1.1, 0.7, 0.0)(0.0, 0.7, 0.0)(-3.3, 0.7, 0.0)(2.2, 0.7, 0.0)(-2.2, 0.7, 0.0)(-1.1, 0.7, 0.0)(3.3, 0.7, 0.0)(1.1, 1.4, 0.0)(2.2, 1.4, 0.0)(-1.1, 1.4, 0.0)(1.1, -0.7, 0.0)(0.0, -0.7, 0.0)(-3.3, -0.7, 0.0)(2.2, -0.7, 0.0)(-2.2, -0.7, 0.0)(-1.1, -0.7, 0.0)(3.3, -0.7, 0.0)(1.1, -1.4, 0.0)(2.2, -1.4, 0.0)(-2.2, -1.4, 0.0)(-1.1, -1.4, 0.0)
--
data0.frame:107
data1.frame:107
server.pos:(0.0, -4.8, 0.0)
client.pos:(-0.2, 4.8, 0.0)
Block:25(1.1, 0.0, 0.0)(2.2, 0.0, 0.0)(-2.2, 0.0, 0.0)(-1.1, 0.0, 0.0)(1.1, 0.7, 0.0)(0.0, 0.7, 0.0)(-3.3, 0.7, 0.0)(2.2, 0.7, 0.0)(-2.2, 0.7, 0.0)(-1.1, 0.7, 0.0)(3.3, 0.7, 0.0)(1.1, 1.4, 0.0)(2.2, 1.4, 0.0)(-1.1, 1.4, 0.0)(1.1, -0.7, 0.0)(0.0, -0.7, 0.0)(-3.3, -0.7, 0.0)(2.2, -0.7, 0.0)(-2.2, -0.7, 0.0)(-1.1, -0.7, 0.0)(3.3, -0.7, 0.0)(1.1, -1.4, 0.0)(2.2, -1.4, 0.0)(-2.2, -1.4, 0.0)(-1.1, -1.4, 0.0)
--
data0.frame:108
data1.frame:108
server.pos:(0.0, -4.8, 0.0)
client.pos:(-0.2, 4.8, 0.0)
Block:25(1.1, 0.0, 0.0)(2.2, 0.0, 0.0)(-2.2, 0.0, 0.0)(-1.1, 0.0, 0.0)(1.1, 0.7, 0.0)(0.0, 0.7, 0.0)(-3.3, 0.7, 0.0)(2.2, 0.7, 0.0)(-2.2, 0.7, 0.0)(-1.1, 0.7, 0.0)(3.3, 0.7, 0.0)(1.1, 1.4, 0.0)(2.2, 1.4, 0.0)(-1.1, 1.4, 0.0)(1.1, -0.7, 0.0)(0.0, -0.7, 0.0)(-3.3, -0.7, 0.0)(2.2, -0.7, 0.0)(-2.2, -0.7, 0.0)(-1.1, -0.7, 0.0)(3.3, -0.7, 0.0)(1.1, -1.4, 0.0)(2.2, -1.4, 0.0)(-2.2, -1.4, 0.0)(-1.1, -1.4, 0.0)
--
data0.frame:109
data1.frame:109
server.pos:(0.0, -4.8, 0.0)
client.pos:(-0.2, 4.8, 0.0)
Block:25(1.1, 0.0, 0.0)(2.2, 0.0, 0.0)(-2.2, 0.0, 0.0)(-1.1, 0.0, 0.0)(1.1, 0.7, 0.0)(0.0, 0.7, 0.0)(-3.3, 0.7, 0.0)(2.2, 0.7, 0.0)(-2.2, 0.7, 0.0)(-1.1, 0.7, 0.0)(3.3, 0.7, 0.0)(1.1, 1.4, 0.0)(2.2, 1.4, 0.0)(-1.1, 1.4, 0.0)(1.1, -0.7, 0.0)(0.0, -0.7, 0.0)(-3.3, -0.7, 0.0)(2.2, -0.7, 0.0)(-2.2, -0.7, 0.0)(-1.1, -0.7, 0.0)(3.3, -0.7, 0.0)(1.1, -1.4, 0.0)(2.2, -1.4, 0.0)(-2.2, -1.4, 0.0)(-1.1, -1.4, 0.0)
--
data0.frame:110
data1.frame:110
server.pos:(0.0, -4.8, 0.0)
client.pos:(-0.2, 4.8, 0.0)
Block:25(1.1, 0.0, 0.0)(2.2, 0.0, 0.0)(-2.2, 0.0, 0.0)(-1.1, 0.0, 0.0)(1.1, 0.7, 0.0)(0.0, 0.7, 0.0)(-3.3, 0.7, 0.0)(2.2, 0.7, 0.0)(-2.2, 0.7, 0.0)(-1.1, 0.7, 0.0)(3.3, 0.7, 0.0)(1.1, 1.4, 0.0)(2.2, 1.4, 0.0)(-1.1, 1.4, 0.0)(1.1, -0.7, 0.0)(0.0, -0.7, 0.0)(-3.3, -0.7, 0.0)(2.2, -0.7, 0.0)(-2.2, -0.7, 0.0)(-1.1, -0.7, 0.0)(3.3, -0.7, 0.0)(1.1, -1.4, 0.0)(2.2, -1.4, 0.0)(-2.2, -1.4, 0.0)(-1.1, -1.4, 0.0)
--
data0.frame:111
data1.frame:111
server.pos:(0.0, -4.8, 0.0)
client.pos:(-0.2, 4.8, 0.0)
Block:25(1.1, 0.0, 0.0)(2.2, 0.0, 0.0)(-2.2, 0.0, 0.0)(-1.1, 0.0, 0.0)(1.1, 0.7, 0.0)(0.0, 0.7, 0.0)(-3.3, 0.7, 0.0)(2.2, 0.7, 0.0)(-2.2, 0.7, 0.0)(-1.1, 0.7, 0.0)(3.3, 0.7, 0.0)(1.1, 1.4, 0.0)(2.2, 1.4, 0.0)(-1.1, 1.4, 0.0)(1.1, -0.7, 0.0)(0.0, -0.7, 0.0)(-3.3, -0.7, 0.0)(2.2, -0.7, 0.0)(-2.2, -0.7, 0.0)(-1.1, -0.7, 0.0)(3.3, -0.7, 0.0)(1.1, -1.4, 0.0)(2.2, -1.4, 0.0)(-2.2, -1.4, 0.0)(-1.1, -1.4, 0.0)
--
data0.frame:112
data1.frame:112
server.pos:(0.0, -4.8, 0.0)
client.pos:(-0.2, 4.8, 0.0)
Block:25(1.1, 0.0, 0.0)(2.2, 0.0, 0.0)(-2.2, 0.0, 0.0)(-1.1, 0.0, 0.0)(1.1, 0.7, 0.0)(0.0, 0.7, 0.0)(-3.3, 0.7, 0.0)(2.2, 0.7, 0.0)(-2.2, 0.7, 0.0)(-1.1, 0.7, 0.0)(3.3, 0.7, 0.0)(1.1, 1.4, 0.0)(2.2, 1.4, 0.0)(-1.1, 1.4, 0.0)(1.1, -0.7, 0.0)(0.0, -0.7, 0.0)(-3.3, -0.7, 0.0)(2.2, -0.7, 0.0)(-2.2, -0.7, 0.0)(-1.1, -0.7, 0.0)(3.3, -0.7, 0.0)(1.1, -1.4, 0.0)(2.2, -1.4, 0.0)(-2.2, -1.4, 0.0)(-1.1, -1.4, 0.0)
--
data0.frame:113
data1.frame:113
server.pos:(0.0, -4.8, 0.0)
client.pos:(-0.2, 4.8, 0.0)
Block:25(1.1, 0.0, 0.0)(2.2, 0.0, 0.0)(-2.2, 0.0, 0.0)(-1.1, 0.0, 0.0)(1.1, 0.7, 0.0)(0.0, 0.7, 0.0)(-3.3, 0.7, 0.0)(2.2, 0.7, 0.0)(-2.2, 0.7, 0.0)(-1.1, 0.7, 0.0)(3.3, 0.7, 0.0)(1.1, 1.4, 0.0)(2.2, 1.4, 0.0)(-1.1, 1.4, 0.0)(1.1, -0.7, 0.0)(0.0, -0.7, 0.0)(-3.3, -0.7, 0.0)(2.2, -0.7, 0.0)(-2.2, -0.7, 0.0)(-1.1, -0.7, 0.0)(3.3, -0.7, 0.0)(1.1, -1.4, 0.0)(2.2, -1.4, 0.0)(-2.2, -1.4, 0.0)(-1.1, -1.4, 0.0)
--
data0.frame:114
data1.frame:114
server.pos:(0.0, -4.8, 0.0)
client.pos:(-0.2, 4.8, 0.0)
Block:25(1.1, 0.0, 0.0)(2.2, 0.0, 0.0)(-2.2, 0.0, 0.0)(-1.1, 0.0, 0.0)(1.1, 0.7, 0.0)(0.0, 0.7, 0.0)(-3.3, 0.7, 0.0)(2.2, 0.7, 0.0)(-2.2, 0.7, 0.0)(-1.1, 0.7, 0.0)(3.3, 0.7, 0.0)(1.1, 1.4, 0.0)(2.2, 1.4, 0.0)(-1.1, 1.4, 0.0)(1.1, -0.7, 0.0)(0.0, -0.7, 0.0)(-3.3, -0.7, 0.0)(2.2, -0.7, 0.0)(-2.2, -0.7, 0.0)(-1.1, -0.7, 0.0)(3.3, -0.7, 0.0)(1.1, -1.4, 0.0)(2.2, -1.4, 0.0)(-2.2, -1.4, 0.0)(-1.1, -1.4, 0.0)
--
data0.frame:115
data1.frame:115
server.pos:(0.0, -4.8, 0.0)
client.pos:(-0.2, 4.8, 0.0)
Block:25(1.1, 0.0, 0.0)(2.2, 0.0, 0.0)(-2.2, 0.0, 0.0)(-1.1, 0.0, 0.0)(1.1, 0.7, 0.0)(0.0, 0.7, 0.0)(-3.3, 0.7, 0.0)(2.2, 0.7, 0.0)(-2.2, 0.7, 0.0)(-1.1, 0.7, 0.0)(3.3, 0.7, 0.0)(1.1, 1.4, 0.0)(2.2, 1.4, 0.0)(-1.1, 1.4, 0.0)(1.1, -0.7, 0.0)(0.0, -0.7, 0.0)(-3.3, -0.7, 0.0)(2.2, -0.7, 0.0)(-2.2, -0.7, 0.0)(-1.1, -0.7, 0.0)(3.3, -0.7, 0.0)(1.1, -1.4, 0.0)(2.2, -1.4, 0.0)(-2.2, -1.4, 0.0)(-1.1, -1.4, 0.0)
--
data0.frame:116
data1.frame:116
server.pos:(0.0, -4.8, 0.0)
client.pos:(-0.2, 4.8, 0.0)
Block:25(1.1, 0.0, 0.0)(2.2, 0.0, 0.0)(-2.2, 0.0, 0.0)(-1.1, 0.0, 0.0)(1.1, 0.7, 0.0)(0.0, 0.7, 0.0)(-3.3, 0.7, 0.0)(2.2, 0.7, 0.0)(-2.2, 0.7, 0.0)(-1.1, 0.7, 0.0)(3.3, 0.7, 0.0)(1.1, 1.4, 0.0)(2.2, 1.4, 0.0)(-1.1, 1.4, 0.0)(1.1, -0.7, 0.0)(0.0, -0.7, 0.0)(-3.3, -0.7, 0.0)(2.2, -0.7, 0.0)(-2.2, -0.7, 0.0)(-1.1, -0.7, 0.0)(3.3, -0.7, 0.0)(1.1, -1.4, 0.0)(2.2, -1.4, 0.0)(-2.2, -1.4, 0.0)(-1.1, -1.4, 0.0)
--
data0.frame:117
data1.frame:117
server.pos:(0.0, -4.8, 0.0)
client.pos:(-0.2, 4.8, 0.0)
Block:25(1.1, 0.0, 0.0)(2.2, 0.0, 0.0)(-2.2, 0.0, 0.0)(-1.1, 0.0, 0.0)(1.1, 0.7, 0.0)(0.0, 0.7, 0.0)(-3.3, 0.7, 0.0)(2.2, 0.7, 0.0)(-2.2, 0.7, 0.0)(-1.1, 0.7, 0.0)(3.3, 0.7, 0.0)(1.1, 1.4, 0.0)(2.2, 1.4, 0.0)(-1.1, 1.4, 0.0)(1.1, -0.7, 0.0)(0.0, -0.7, 0.0)(-3.3, -0.7, 0.0)(2.2, -0.7, 0.0)(-2.2, -0.7, 0.0)(-1.1, -0.7, 0.0)(3.3, -0.7, 0.0)(1.1, -1.4, 0.0)(2.2, -1.4, 0.0)(-2.2, -1.4, 0.0)(-1.1, -1.4, 0.0)
--
data0.frame:118
data1.frame:118
server.pos:(0.0, -4.8, 0.0)
client.pos:(-0.2, 4.8, 0.0)
Block:25(1.1, 0.0, 0.0)(2.2, 0.0, 0.0)(-2.2, 0.0, 0.0)(-1.1, 0.0, 0.0)(1.1, 0.7, 0.0)(0.0, 0.7, 0.0)(-3.3, 0.7, 0.0)(2.2, 0.7, 0.0)(-2.2, 0.7, 0.0)(-1.1, 0.7, 0.0)(3.3, 0.7, 0.0)(1.1, 1.4, 0.0)(2.2, 1.4, 0.0)(-1.1, 1.4, 0.0)(1.1, -0.7, 0.0)(0.0, -0.7, 0.0)(-3.3, -0.7, 0.0)(2.2, -0.7, 0.0)(-2.2, -0.7, 0.0)(-1.1, -0.7, 0.0)(3.3, -0.7, 0.0)(1.1, -1.4, 0.0)(2.2, -1.4, 0.0)(-2.2, -1.4, 0.0)(-1.1, -1.4, 0.0)
--
data0.frame:119
data1.frame:119
server.pos:(0.0, -4.8, 0.0)
client.pos:(-0.2, 4.8, 0.0)
Block:25(1.1, 0.0, 0.0)(2.2, 0.0, 0.0)(-2.2, 0.0, 0.0)(-1.1, 0.0, 0.0)(1.1, 0.7, 0.0)(0.0, 0.7, 0.0)(-3.3, 0.7, 0.0)(2.2, 0.7, 0.0)(-2.2, 0.7, 0.0)(-1.1, 0.7, 0.0)(3.3, 0.7, 0.0)(1.1, 1.4, 0.0)(2.2, 1.4, 0.0)(-1.1, 1.4, 0.0)(1.1, -0.7, 0.0)(0.0, -0.7, 0.0)(-3.3, -0.7, 0.0)(2.2, -0.7, 0.0)(-2.2, -0.7, 0.0)(-1.1, -0.7, 0.0)(3.3, -0.7, 0.0)(1.1, -1.4, 0.0)(2.2, -1.4, 0.0)(-2.2, -1.4, 0.0)(-1.1, -1.4, 0.0)
--
data0.frame:120
data1.frame:120
server.pos:(0.0, -4.8, 0.0)
client.pos:(-0.2, 4.8, 0.0)
Block:25(1.1, 0.0, 0.0)(2.2, 0.0, 0.0)(-2.2, 0.0, 0.0)(-1.1, 0.0, 0.0)(1.1, 0.7, 0.0)(0.0, 0.7, 0.0)(-3.3, 0.7, 0.0)(2.2, 0.7, 0.0)(-2.2, 0.7, 0.0)(-1.1, 0.7, 0.0)(3.3, 0.7, 0.0)(1.1, 1.4, 0.0)(2.2, 1.4, 0.0)(-1.1, 1.4, 0.0)(1.1, -0.7, 0.0)(0.0, -0.7, 0.0)(-3.3, -0.7, 0.0)(2.2, -0.7, 0.0)(-2.2, -0.7, 0.0)(-1.1, -0.7, 0.0)(3.3, -0.7, 0.0)(1.1, -1.4, 0.0)(2.2, -1.4, 0.0)(-2.2, -1.4, 0.0)(-1.1, -1.4, 0.0)
DebugEnd
